::1 - - [04/Dec/2019:19:59:17 +0000] "OPTIONS /auth/login HTTP/1.1" 200 4 "http://localhost:3000/" "Mozilla/5.0 (Windows NT 10.0; Win64; x64) AppleWebKit/537.36 (KHTML, like Gecko) Chrome/78.0.3904.108 Safari/537.36"
::1 - - [04/Dec/2019:19:59:18 +0000] "POST /auth/login HTTP/1.1" 200 256 "http://localhost:3000/" "Mozilla/5.0 (Windows NT 10.0; Win64; x64) AppleWebKit/537.36 (KHTML, like Gecko) Chrome/78.0.3904.108 Safari/537.36"
::1 - - [04/Dec/2019:19:59:18 +0000] "OPTIONS /auth/status HTTP/1.1" 200 14 "http://localhost:3000/" "Mozilla/5.0 (Windows NT 10.0; Win64; x64) AppleWebKit/537.36 (KHTML, like Gecko) Chrome/78.0.3904.108 Safari/537.36"
::1 - - [04/Dec/2019:19:59:18 +0000] "OPTIONS /feed/posts?page=1 HTTP/1.1" 200 8 "http://localhost:3000/" "Mozilla/5.0 (Windows NT 10.0; Win64; x64) AppleWebKit/537.36 (KHTML, like Gecko) Chrome/78.0.3904.108 Safari/537.36"
::1 - - [04/Dec/2019:19:59:18 +0000] "GET /auth/status HTTP/1.1" 200 16 "http://localhost:3000/" "Mozilla/5.0 (Windows NT 10.0; Win64; x64) AppleWebKit/537.36 (KHTML, like Gecko) Chrome/78.0.3904.108 Safari/537.36"
::1 - - [04/Dec/2019:19:59:18 +0000] "GET /feed/posts?page=1 HTTP/1.1" 304 - "http://localhost:3000/" "Mozilla/5.0 (Windows NT 10.0; Win64; x64) AppleWebKit/537.36 (KHTML, like Gecko) Chrome/78.0.3904.108 Safari/537.36"
::1 - - [04/Dec/2019:19:59:27 +0000] "OPTIONS /auth/status HTTP/1.1" 200 14 "http://localhost:3000/" "Mozilla/5.0 (Windows NT 10.0; Win64; x64) AppleWebKit/537.36 (KHTML, like Gecko) Chrome/78.0.3904.108 Safari/537.36"
::1 - - [04/Dec/2019:19:59:27 +0000] "OPTIONS /feed/posts?page=1 HTTP/1.1" 200 8 "http://localhost:3000/" "Mozilla/5.0 (Windows NT 10.0; Win64; x64) AppleWebKit/537.36 (KHTML, like Gecko) Chrome/78.0.3904.108 Safari/537.36"
::1 - - [04/Dec/2019:19:59:27 +0000] "GET /auth/status HTTP/1.1" 304 - "http://localhost:3000/" "Mozilla/5.0 (Windows NT 10.0; Win64; x64) AppleWebKit/537.36 (KHTML, like Gecko) Chrome/78.0.3904.108 Safari/537.36"
::1 - - [04/Dec/2019:19:59:27 +0000] "GET /feed/posts?page=1 HTTP/1.1" 304 - "http://localhost:3000/" "Mozilla/5.0 (Windows NT 10.0; Win64; x64) AppleWebKit/537.36 (KHTML, like Gecko) Chrome/78.0.3904.108 Safari/537.36"
::1 - - [04/Dec/2019:20:01:27 +0000] "OPTIONS /auth/status HTTP/1.1" 200 14 "http://localhost:3000/" "Mozilla/5.0 (Windows NT 10.0; Win64; x64) AppleWebKit/537.36 (KHTML, like Gecko) Chrome/78.0.3904.108 Safari/537.36"
::1 - - [04/Dec/2019:20:01:27 +0000] "OPTIONS /feed/posts?page=1 HTTP/1.1" 200 8 "http://localhost:3000/" "Mozilla/5.0 (Windows NT 10.0; Win64; x64) AppleWebKit/537.36 (KHTML, like Gecko) Chrome/78.0.3904.108 Safari/537.36"
::1 - - [04/Dec/2019:20:01:27 +0000] "GET /auth/status HTTP/1.1" 304 - "http://localhost:3000/" "Mozilla/5.0 (Windows NT 10.0; Win64; x64) AppleWebKit/537.36 (KHTML, like Gecko) Chrome/78.0.3904.108 Safari/537.36"
::1 - - [04/Dec/2019:20:01:27 +0000] "GET /feed/posts?page=1 HTTP/1.1" 304 - "http://localhost:3000/" "Mozilla/5.0 (Windows NT 10.0; Win64; x64) AppleWebKit/537.36 (KHTML, like Gecko) Chrome/78.0.3904.108 Safari/537.36"
::1 - - [04/Dec/2019:20:08:56 +0000] "OPTIONS /auth/status HTTP/1.1" 200 14 "http://localhost:3000/" "Mozilla/5.0 (Windows NT 10.0; Win64; x64) AppleWebKit/537.36 (KHTML, like Gecko) Chrome/78.0.3904.108 Safari/537.36"
::1 - - [04/Dec/2019:20:08:56 +0000] "OPTIONS /feed/posts?page=1 HTTP/1.1" 200 8 "http://localhost:3000/" "Mozilla/5.0 (Windows NT 10.0; Win64; x64) AppleWebKit/537.36 (KHTML, like Gecko) Chrome/78.0.3904.108 Safari/537.36"
::1 - - [04/Dec/2019:20:08:56 +0000] "GET /auth/status HTTP/1.1" 304 - "http://localhost:3000/" "Mozilla/5.0 (Windows NT 10.0; Win64; x64) AppleWebKit/537.36 (KHTML, like Gecko) Chrome/78.0.3904.108 Safari/537.36"
::1 - - [04/Dec/2019:20:08:56 +0000] "OPTIONS /auth/status HTTP/1.1" 200 14 "http://localhost:3000/" "Mozilla/5.0 (Windows NT 10.0; Win64; x64) AppleWebKit/537.36 (KHTML, like Gecko) Chrome/78.0.3904.108 Safari/537.36"
::1 - - [04/Dec/2019:20:08:56 +0000] "GET /feed/posts?page=1 HTTP/1.1" 304 - "http://localhost:3000/" "Mozilla/5.0 (Windows NT 10.0; Win64; x64) AppleWebKit/537.36 (KHTML, like Gecko) Chrome/78.0.3904.108 Safari/537.36"
::1 - - [04/Dec/2019:20:08:56 +0000] "OPTIONS /feed/posts?page=1 HTTP/1.1" 200 8 "http://localhost:3000/" "Mozilla/5.0 (Windows NT 10.0; Win64; x64) AppleWebKit/537.36 (KHTML, like Gecko) Chrome/78.0.3904.108 Safari/537.36"
::1 - - [04/Dec/2019:20:08:56 +0000] "GET /auth/status HTTP/1.1" 304 - "http://localhost:3000/" "Mozilla/5.0 (Windows NT 10.0; Win64; x64) AppleWebKit/537.36 (KHTML, like Gecko) Chrome/78.0.3904.108 Safari/537.36"
::1 - - [04/Dec/2019:20:08:56 +0000] "GET /feed/posts?page=1 HTTP/1.1" 304 - "http://localhost:3000/" "Mozilla/5.0 (Windows NT 10.0; Win64; x64) AppleWebKit/537.36 (KHTML, like Gecko) Chrome/78.0.3904.108 Safari/537.36"
::1 - - [04/Dec/2019:20:09:54 +0000] "OPTIONS /auth/status HTTP/1.1" 200 14 "http://localhost:3000/" "Mozilla/5.0 (Windows NT 10.0; Win64; x64) AppleWebKit/537.36 (KHTML, like Gecko) Chrome/78.0.3904.108 Safari/537.36"
::1 - - [04/Dec/2019:20:09:54 +0000] "OPTIONS /feed/posts?page=1 HTTP/1.1" 200 8 "http://localhost:3000/" "Mozilla/5.0 (Windows NT 10.0; Win64; x64) AppleWebKit/537.36 (KHTML, like Gecko) Chrome/78.0.3904.108 Safari/537.36"
::1 - - [04/Dec/2019:20:09:54 +0000] "GET /auth/status HTTP/1.1" 304 - "http://localhost:3000/" "Mozilla/5.0 (Windows NT 10.0; Win64; x64) AppleWebKit/537.36 (KHTML, like Gecko) Chrome/78.0.3904.108 Safari/537.36"
::1 - - [04/Dec/2019:20:09:54 +0000] "GET /feed/posts?page=1 HTTP/1.1" 304 - "http://localhost:3000/" "Mozilla/5.0 (Windows NT 10.0; Win64; x64) AppleWebKit/537.36 (KHTML, like Gecko) Chrome/78.0.3904.108 Safari/537.36"
::1 - - [04/Dec/2019:20:19:14 +0000] "OPTIONS /auth/status HTTP/1.1" 200 14 "http://localhost:3000/" "Mozilla/5.0 (Windows NT 10.0; Win64; x64) AppleWebKit/537.36 (KHTML, like Gecko) Chrome/78.0.3904.108 Safari/537.36"
::1 - - [04/Dec/2019:20:19:14 +0000] "OPTIONS /feed/posts?page=1 HTTP/1.1" 200 8 "http://localhost:3000/" "Mozilla/5.0 (Windows NT 10.0; Win64; x64) AppleWebKit/537.36 (KHTML, like Gecko) Chrome/78.0.3904.108 Safari/537.36"
::1 - - [04/Dec/2019:20:19:14 +0000] "GET /auth/status HTTP/1.1" 304 - "http://localhost:3000/" "Mozilla/5.0 (Windows NT 10.0; Win64; x64) AppleWebKit/537.36 (KHTML, like Gecko) Chrome/78.0.3904.108 Safari/537.36"
::1 - - [04/Dec/2019:20:19:14 +0000] "GET /feed/posts?page=1 HTTP/1.1" 304 - "http://localhost:3000/" "Mozilla/5.0 (Windows NT 10.0; Win64; x64) AppleWebKit/537.36 (KHTML, like Gecko) Chrome/78.0.3904.108 Safari/537.36"
::1 - - [04/Dec/2019:20:19:14 +0000] "OPTIONS /auth/status HTTP/1.1" 200 14 "http://localhost:3000/" "Mozilla/5.0 (Windows NT 10.0; Win64; x64) AppleWebKit/537.36 (KHTML, like Gecko) Chrome/78.0.3904.108 Safari/537.36"
::1 - - [04/Dec/2019:20:19:14 +0000] "OPTIONS /feed/posts?page=1 HTTP/1.1" 200 8 "http://localhost:3000/" "Mozilla/5.0 (Windows NT 10.0; Win64; x64) AppleWebKit/537.36 (KHTML, like Gecko) Chrome/78.0.3904.108 Safari/537.36"
::1 - - [04/Dec/2019:20:19:14 +0000] "GET /auth/status HTTP/1.1" 304 - "http://localhost:3000/" "Mozilla/5.0 (Windows NT 10.0; Win64; x64) AppleWebKit/537.36 (KHTML, like Gecko) Chrome/78.0.3904.108 Safari/537.36"
::1 - - [04/Dec/2019:20:19:14 +0000] "GET /feed/posts?page=1 HTTP/1.1" 304 - "http://localhost:3000/" "Mozilla/5.0 (Windows NT 10.0; Win64; x64) AppleWebKit/537.36 (KHTML, like Gecko) Chrome/78.0.3904.108 Safari/537.36"
::1 - - [04/Dec/2019:20:19:17 +0000] "GET /auth/status HTTP/1.1" 304 - "http://localhost:3000/" "Mozilla/5.0 (Windows NT 10.0; Win64; x64) AppleWebKit/537.36 (KHTML, like Gecko) Chrome/78.0.3904.108 Safari/537.36"
::1 - - [04/Dec/2019:20:19:17 +0000] "GET /feed/posts?page=1 HTTP/1.1" 304 - "http://localhost:3000/" "Mozilla/5.0 (Windows NT 10.0; Win64; x64) AppleWebKit/537.36 (KHTML, like Gecko) Chrome/78.0.3904.108 Safari/537.36"
::1 - - [04/Dec/2019:20:19:18 +0000] "OPTIONS /feed/post/5ddec2033dcc9e46fc57f6ae HTTP/1.1" 200 19 "http://localhost:3000/5ddec2033dcc9e46fc57f6ae" "Mozilla/5.0 (Windows NT 10.0; Win64; x64) AppleWebKit/537.36 (KHTML, like Gecko) Chrome/78.0.3904.108 Safari/537.36"
::1 - - [04/Dec/2019:20:19:18 +0000] "GET /feed/post/5ddec2033dcc9e46fc57f6ae HTTP/1.1" 200 467 "http://localhost:3000/5ddec2033dcc9e46fc57f6ae" "Mozilla/5.0 (Windows NT 10.0; Win64; x64) AppleWebKit/537.36 (KHTML, like Gecko) Chrome/78.0.3904.108 Safari/537.36"
::1 - - [04/Dec/2019:20:19:18 +0000] "GET /images/ef120d93-2bca-4619-944c-2944e7bdd8cb HTTP/1.1" 404 182 "http://localhost:3000/5ddec2033dcc9e46fc57f6ae" "Mozilla/5.0 (Windows NT 10.0; Win64; x64) AppleWebKit/537.36 (KHTML, like Gecko) Chrome/78.0.3904.108 Safari/537.36"
::1 - - [04/Dec/2019:20:20:02 +0000] "OPTIONS /auth/status HTTP/1.1" 200 14 "http://localhost:3000/" "Mozilla/5.0 (Windows NT 10.0; Win64; x64) AppleWebKit/537.36 (KHTML, like Gecko) Chrome/78.0.3904.108 Safari/537.36"
::1 - - [04/Dec/2019:20:20:02 +0000] "OPTIONS /feed/posts?page=1 HTTP/1.1" 200 8 "http://localhost:3000/" "Mozilla/5.0 (Windows NT 10.0; Win64; x64) AppleWebKit/537.36 (KHTML, like Gecko) Chrome/78.0.3904.108 Safari/537.36"
::1 - - [04/Dec/2019:20:20:02 +0000] "GET /auth/status HTTP/1.1" 304 - "http://localhost:3000/" "Mozilla/5.0 (Windows NT 10.0; Win64; x64) AppleWebKit/537.36 (KHTML, like Gecko) Chrome/78.0.3904.108 Safari/537.36"
::1 - - [04/Dec/2019:20:20:02 +0000] "GET /feed/posts?page=1 HTTP/1.1" 304 - "http://localhost:3000/" "Mozilla/5.0 (Windows NT 10.0; Win64; x64) AppleWebKit/537.36 (KHTML, like Gecko) Chrome/78.0.3904.108 Safari/537.36"
::1 - - [04/Dec/2019:20:20:03 +0000] "OPTIONS /feed/post/5ddec2033dcc9e46fc57f6ae HTTP/1.1" 200 19 "http://localhost:3000/" "Mozilla/5.0 (Windows NT 10.0; Win64; x64) AppleWebKit/537.36 (KHTML, like Gecko) Chrome/78.0.3904.108 Safari/537.36"
::1 - - [04/Dec/2019:20:20:03 +0000] "DELETE /feed/post/5ddec2033dcc9e46fc57f6ae HTTP/1.1" 403 28 "http://localhost:3000/" "Mozilla/5.0 (Windows NT 10.0; Win64; x64) AppleWebKit/537.36 (KHTML, like Gecko) Chrome/78.0.3904.108 Safari/537.36"
::1 - - [04/Dec/2019:20:20:15 +0000] "OPTIONS /auth/login HTTP/1.1" 200 4 "http://localhost:3000/" "Mozilla/5.0 (Windows NT 10.0; Win64; x64) AppleWebKit/537.36 (KHTML, like Gecko) Chrome/78.0.3904.108 Safari/537.36"
::1 - - [04/Dec/2019:20:20:16 +0000] "POST /auth/login HTTP/1.1" 200 257 "http://localhost:3000/" "Mozilla/5.0 (Windows NT 10.0; Win64; x64) AppleWebKit/537.36 (KHTML, like Gecko) Chrome/78.0.3904.108 Safari/537.36"
::1 - - [04/Dec/2019:20:20:16 +0000] "OPTIONS /auth/status HTTP/1.1" 200 14 "http://localhost:3000/" "Mozilla/5.0 (Windows NT 10.0; Win64; x64) AppleWebKit/537.36 (KHTML, like Gecko) Chrome/78.0.3904.108 Safari/537.36"
::1 - - [04/Dec/2019:20:20:16 +0000] "OPTIONS /feed/posts?page=1 HTTP/1.1" 200 8 "http://localhost:3000/" "Mozilla/5.0 (Windows NT 10.0; Win64; x64) AppleWebKit/537.36 (KHTML, like Gecko) Chrome/78.0.3904.108 Safari/537.36"
::1 - - [04/Dec/2019:20:20:16 +0000] "GET /auth/status HTTP/1.1" 200 17 "http://localhost:3000/" "Mozilla/5.0 (Windows NT 10.0; Win64; x64) AppleWebKit/537.36 (KHTML, like Gecko) Chrome/78.0.3904.108 Safari/537.36"
::1 - - [04/Dec/2019:20:20:16 +0000] "GET /feed/posts?page=1 HTTP/1.1" 304 - "http://localhost:3000/" "Mozilla/5.0 (Windows NT 10.0; Win64; x64) AppleWebKit/537.36 (KHTML, like Gecko) Chrome/78.0.3904.108 Safari/537.36"
::1 - - [04/Dec/2019:20:20:20 +0000] "OPTIONS /feed/post/5ddec2033dcc9e46fc57f6ae HTTP/1.1" 200 19 "http://localhost:3000/" "Mozilla/5.0 (Windows NT 10.0; Win64; x64) AppleWebKit/537.36 (KHTML, like Gecko) Chrome/78.0.3904.108 Safari/537.36"
::1 - - [04/Dec/2019:20:20:21 +0000] "DELETE /feed/post/5ddec2033dcc9e46fc57f6ae HTTP/1.1" 200 26 "http://localhost:3000/" "Mozilla/5.0 (Windows NT 10.0; Win64; x64) AppleWebKit/537.36 (KHTML, like Gecko) Chrome/78.0.3904.108 Safari/537.36"
::1 - - [04/Dec/2019:20:20:21 +0000] "GET /feed/posts?page=1 HTTP/1.1" 200 53 "http://localhost:3000/" "Mozilla/5.0 (Windows NT 10.0; Win64; x64) AppleWebKit/537.36 (KHTML, like Gecko) Chrome/78.0.3904.108 Safari/537.36"
::1 - - [04/Dec/2019:20:20:57 +0000] "OPTIONS /feed/post HTTP/1.1" 200 4 "http://localhost:3000/" "Mozilla/5.0 (Windows NT 10.0; Win64; x64) AppleWebKit/537.36 (KHTML, like Gecko) Chrome/78.0.3904.108 Safari/537.36"
::1 - - [04/Dec/2019:20:20:57 +0000] "POST /feed/post HTTP/1.1" 201 343 "http://localhost:3000/" "Mozilla/5.0 (Windows NT 10.0; Win64; x64) AppleWebKit/537.36 (KHTML, like Gecko) Chrome/78.0.3904.108 Safari/537.36"
::1 - - [04/Dec/2019:20:20:57 +0000] "OPTIONS /feed/posts?page=1 HTTP/1.1" 200 8 "http://localhost:3000/" "Mozilla/5.0 (Windows NT 10.0; Win64; x64) AppleWebKit/537.36 (KHTML, like Gecko) Chrome/78.0.3904.108 Safari/537.36"
::1 - - [04/Dec/2019:20:20:57 +0000] "GET /feed/posts?page=1 HTTP/1.1" 200 490 "http://localhost:3000/" "Mozilla/5.0 (Windows NT 10.0; Win64; x64) AppleWebKit/537.36 (KHTML, like Gecko) Chrome/78.0.3904.108 Safari/537.36"
::1 - - [04/Dec/2019:20:20:59 +0000] "GET /images/ef120d93-2bca-4619-944c-2944e7bdd8cb HTTP/1.1" 404 182 "http://localhost:3000/5de81529081bf6355471bfe1" "Mozilla/5.0 (Windows NT 10.0; Win64; x64) AppleWebKit/537.36 (KHTML, like Gecko) Chrome/78.0.3904.108 Safari/537.36"
::1 - - [04/Dec/2019:20:20:59 +0000] "OPTIONS /feed/post/5de81529081bf6355471bfe1 HTTP/1.1" 200 19 "http://localhost:3000/5de81529081bf6355471bfe1" "Mozilla/5.0 (Windows NT 10.0; Win64; x64) AppleWebKit/537.36 (KHTML, like Gecko) Chrome/78.0.3904.108 Safari/537.36"
::1 - - [04/Dec/2019:20:20:59 +0000] "GET /feed/post/5de81529081bf6355471bfe1 HTTP/1.1" 200 471 "http://localhost:3000/5de81529081bf6355471bfe1" "Mozilla/5.0 (Windows NT 10.0; Win64; x64) AppleWebKit/537.36 (KHTML, like Gecko) Chrome/78.0.3904.108 Safari/537.36"
::1 - - [04/Dec/2019:20:20:59 +0000] "GET /images/f1155e5a-854c-4ab1-b162-f5661e19dc31 HTTP/1.1" 200 64707 "http://localhost:3000/5de81529081bf6355471bfe1" "Mozilla/5.0 (Windows NT 10.0; Win64; x64) AppleWebKit/537.36 (KHTML, like Gecko) Chrome/78.0.3904.108 Safari/537.36"
::1 - - [04/Dec/2019:20:21:35 +0000] "OPTIONS /auth/status HTTP/1.1" 200 14 "http://localhost:3000/" "Mozilla/5.0 (Windows NT 10.0; Win64; x64) AppleWebKit/537.36 (KHTML, like Gecko) Chrome/78.0.3904.108 Safari/537.36"
::1 - - [04/Dec/2019:20:21:35 +0000] "OPTIONS /feed/posts?page=1 HTTP/1.1" 200 8 "http://localhost:3000/" "Mozilla/5.0 (Windows NT 10.0; Win64; x64) AppleWebKit/537.36 (KHTML, like Gecko) Chrome/78.0.3904.108 Safari/537.36"
::1 - - [04/Dec/2019:20:21:35 +0000] "GET /auth/status HTTP/1.1" 304 - "http://localhost:3000/" "Mozilla/5.0 (Windows NT 10.0; Win64; x64) AppleWebKit/537.36 (KHTML, like Gecko) Chrome/78.0.3904.108 Safari/537.36"
::1 - - [04/Dec/2019:20:21:35 +0000] "GET /feed/posts?page=1 HTTP/1.1" 304 - "http://localhost:3000/" "Mozilla/5.0 (Windows NT 10.0; Win64; x64) AppleWebKit/537.36 (KHTML, like Gecko) Chrome/78.0.3904.108 Safari/537.36"
::1 - - [04/Dec/2019:20:21:35 +0000] "OPTIONS /auth/status HTTP/1.1" 200 14 "http://localhost:3000/" "Mozilla/5.0 (Windows NT 10.0; Win64; x64) AppleWebKit/537.36 (KHTML, like Gecko) Chrome/78.0.3904.108 Safari/537.36"
::1 - - [04/Dec/2019:20:21:35 +0000] "OPTIONS /feed/posts?page=1 HTTP/1.1" 200 8 "http://localhost:3000/" "Mozilla/5.0 (Windows NT 10.0; Win64; x64) AppleWebKit/537.36 (KHTML, like Gecko) Chrome/78.0.3904.108 Safari/537.36"
::1 - - [04/Dec/2019:20:21:35 +0000] "GET /auth/status HTTP/1.1" 304 - "http://localhost:3000/" "Mozilla/5.0 (Windows NT 10.0; Win64; x64) AppleWebKit/537.36 (KHTML, like Gecko) Chrome/78.0.3904.108 Safari/537.36"
::1 - - [04/Dec/2019:20:21:35 +0000] "GET /feed/posts?page=1 HTTP/1.1" 304 - "http://localhost:3000/" "Mozilla/5.0 (Windows NT 10.0; Win64; x64) AppleWebKit/537.36 (KHTML, like Gecko) Chrome/78.0.3904.108 Safari/537.36"
::1 - - [04/Dec/2019:20:21:43 +0000] "OPTIONS /auth/status HTTP/1.1" 200 14 "http://localhost:3000/" "Mozilla/5.0 (Windows NT 10.0; Win64; x64) AppleWebKit/537.36 (KHTML, like Gecko) Chrome/78.0.3904.108 Safari/537.36"
::1 - - [04/Dec/2019:20:21:43 +0000] "OPTIONS /feed/posts?page=1 HTTP/1.1" 200 8 "http://localhost:3000/" "Mozilla/5.0 (Windows NT 10.0; Win64; x64) AppleWebKit/537.36 (KHTML, like Gecko) Chrome/78.0.3904.108 Safari/537.36"
::1 - - [04/Dec/2019:20:21:43 +0000] "GET /auth/status HTTP/1.1" 304 - "http://localhost:3000/" "Mozilla/5.0 (Windows NT 10.0; Win64; x64) AppleWebKit/537.36 (KHTML, like Gecko) Chrome/78.0.3904.108 Safari/537.36"
::1 - - [04/Dec/2019:20:21:43 +0000] "GET /feed/posts?page=1 HTTP/1.1" 304 - "http://localhost:3000/" "Mozilla/5.0 (Windows NT 10.0; Win64; x64) AppleWebKit/537.36 (KHTML, like Gecko) Chrome/78.0.3904.108 Safari/537.36"
::1 - - [04/Dec/2019:20:22:14 +0000] "OPTIONS /auth/status HTTP/1.1" 200 14 "http://localhost:3000/" "Mozilla/5.0 (Windows NT 10.0; Win64; x64) AppleWebKit/537.36 (KHTML, like Gecko) Chrome/78.0.3904.108 Safari/537.36"
::1 - - [04/Dec/2019:20:22:14 +0000] "OPTIONS /feed/posts?page=1 HTTP/1.1" 200 8 "http://localhost:3000/" "Mozilla/5.0 (Windows NT 10.0; Win64; x64) AppleWebKit/537.36 (KHTML, like Gecko) Chrome/78.0.3904.108 Safari/537.36"
::1 - - [04/Dec/2019:20:22:14 +0000] "GET /auth/status HTTP/1.1" 304 - "http://localhost:3000/" "Mozilla/5.0 (Windows NT 10.0; Win64; x64) AppleWebKit/537.36 (KHTML, like Gecko) Chrome/78.0.3904.108 Safari/537.36"
::1 - - [04/Dec/2019:20:22:14 +0000] "GET /feed/posts?page=1 HTTP/1.1" 304 - "http://localhost:3000/" "Mozilla/5.0 (Windows NT 10.0; Win64; x64) AppleWebKit/537.36 (KHTML, like Gecko) Chrome/78.0.3904.108 Safari/537.36"
::1 - - [04/Dec/2019:20:22:15 +0000] "OPTIONS /auth/status HTTP/1.1" 200 14 "http://localhost:3000/" "Mozilla/5.0 (Windows NT 10.0; Win64; x64) AppleWebKit/537.36 (KHTML, like Gecko) Chrome/78.0.3904.108 Safari/537.36"
::1 - - [04/Dec/2019:20:22:15 +0000] "OPTIONS /feed/posts?page=1 HTTP/1.1" 200 8 "http://localhost:3000/" "Mozilla/5.0 (Windows NT 10.0; Win64; x64) AppleWebKit/537.36 (KHTML, like Gecko) Chrome/78.0.3904.108 Safari/537.36"
::1 - - [04/Dec/2019:20:22:15 +0000] "GET /auth/status HTTP/1.1" 304 - "http://localhost:3000/" "Mozilla/5.0 (Windows NT 10.0; Win64; x64) AppleWebKit/537.36 (KHTML, like Gecko) Chrome/78.0.3904.108 Safari/537.36"
::1 - - [04/Dec/2019:20:22:15 +0000] "GET /feed/posts?page=1 HTTP/1.1" 304 - "http://localhost:3000/" "Mozilla/5.0 (Windows NT 10.0; Win64; x64) AppleWebKit/537.36 (KHTML, like Gecko) Chrome/78.0.3904.108 Safari/537.36"
::1 - - [04/Dec/2019:20:22:17 +0000] "GET /auth/status HTTP/1.1" 304 - "http://localhost:3000/" "Mozilla/5.0 (Windows NT 10.0; Win64; x64) AppleWebKit/537.36 (KHTML, like Gecko) Chrome/78.0.3904.108 Safari/537.36"
::1 - - [04/Dec/2019:20:22:17 +0000] "GET /feed/posts?page=1 HTTP/1.1" 304 - "http://localhost:3000/" "Mozilla/5.0 (Windows NT 10.0; Win64; x64) AppleWebKit/537.36 (KHTML, like Gecko) Chrome/78.0.3904.108 Safari/537.36"
::1 - - [04/Dec/2019:20:22:18 +0000] "GET /auth/status HTTP/1.1" 304 - "http://localhost:3000/" "Mozilla/5.0 (Windows NT 10.0; Win64; x64) AppleWebKit/537.36 (KHTML, like Gecko) Chrome/78.0.3904.108 Safari/537.36"
::1 - - [04/Dec/2019:20:22:18 +0000] "GET /feed/posts?page=1 HTTP/1.1" 304 - "http://localhost:3000/" "Mozilla/5.0 (Windows NT 10.0; Win64; x64) AppleWebKit/537.36 (KHTML, like Gecko) Chrome/78.0.3904.108 Safari/537.36"
::1 - - [04/Dec/2019:20:24:30 +0000] "OPTIONS /auth/status HTTP/1.1" 200 14 "http://localhost:3000/" "Mozilla/5.0 (Windows NT 10.0; Win64; x64) AppleWebKit/537.36 (KHTML, like Gecko) Chrome/78.0.3904.108 Safari/537.36"
::1 - - [04/Dec/2019:20:24:30 +0000] "OPTIONS /feed/posts?page=1 HTTP/1.1" 200 8 "http://localhost:3000/" "Mozilla/5.0 (Windows NT 10.0; Win64; x64) AppleWebKit/537.36 (KHTML, like Gecko) Chrome/78.0.3904.108 Safari/537.36"
::1 - - [04/Dec/2019:20:24:30 +0000] "GET /auth/status HTTP/1.1" 304 - "http://localhost:3000/" "Mozilla/5.0 (Windows NT 10.0; Win64; x64) AppleWebKit/537.36 (KHTML, like Gecko) Chrome/78.0.3904.108 Safari/537.36"
::1 - - [04/Dec/2019:20:24:31 +0000] "GET /feed/posts?page=1 HTTP/1.1" 304 - "http://localhost:3000/" "Mozilla/5.0 (Windows NT 10.0; Win64; x64) AppleWebKit/537.36 (KHTML, like Gecko) Chrome/78.0.3904.108 Safari/537.36"
::1 - - [04/Dec/2019:20:24:32 +0000] "GET /auth/status HTTP/1.1" 304 - "http://localhost:3000/" "Mozilla/5.0 (Windows NT 10.0; Win64; x64) AppleWebKit/537.36 (KHTML, like Gecko) Chrome/78.0.3904.108 Safari/537.36"
::1 - - [04/Dec/2019:20:24:32 +0000] "GET /feed/posts?page=1 HTTP/1.1" 304 - "http://localhost:3000/" "Mozilla/5.0 (Windows NT 10.0; Win64; x64) AppleWebKit/537.36 (KHTML, like Gecko) Chrome/78.0.3904.108 Safari/537.36"
::1 - - [04/Dec/2019:20:24:32 +0000] "GET /auth/status HTTP/1.1" 304 - "http://localhost:3000/" "Mozilla/5.0 (Windows NT 10.0; Win64; x64) AppleWebKit/537.36 (KHTML, like Gecko) Chrome/78.0.3904.108 Safari/537.36"
::1 - - [04/Dec/2019:20:24:32 +0000] "GET /feed/posts?page=1 HTTP/1.1" 304 - "http://localhost:3000/" "Mozilla/5.0 (Windows NT 10.0; Win64; x64) AppleWebKit/537.36 (KHTML, like Gecko) Chrome/78.0.3904.108 Safari/537.36"
::1 - - [04/Dec/2019:20:26:47 +0000] "OPTIONS /auth/status HTTP/1.1" 200 14 "http://localhost:3000/" "Mozilla/5.0 (Windows NT 10.0; Win64; x64) AppleWebKit/537.36 (KHTML, like Gecko) Chrome/78.0.3904.108 Safari/537.36"
::1 - - [04/Dec/2019:20:26:47 +0000] "OPTIONS /feed/posts?page=1 HTTP/1.1" 200 8 "http://localhost:3000/" "Mozilla/5.0 (Windows NT 10.0; Win64; x64) AppleWebKit/537.36 (KHTML, like Gecko) Chrome/78.0.3904.108 Safari/537.36"
::1 - - [04/Dec/2019:20:26:47 +0000] "GET /auth/status HTTP/1.1" 304 - "http://localhost:3000/" "Mozilla/5.0 (Windows NT 10.0; Win64; x64) AppleWebKit/537.36 (KHTML, like Gecko) Chrome/78.0.3904.108 Safari/537.36"
::1 - - [04/Dec/2019:20:26:47 +0000] "GET /feed/posts?page=1 HTTP/1.1" 304 - "http://localhost:3000/" "Mozilla/5.0 (Windows NT 10.0; Win64; x64) AppleWebKit/537.36 (KHTML, like Gecko) Chrome/78.0.3904.108 Safari/537.36"
::1 - - [04/Dec/2019:20:26:48 +0000] "GET /auth/status HTTP/1.1" 304 - "http://localhost:3000/" "Mozilla/5.0 (Windows NT 10.0; Win64; x64) AppleWebKit/537.36 (KHTML, like Gecko) Chrome/78.0.3904.108 Safari/537.36"
::1 - - [04/Dec/2019:20:26:48 +0000] "GET /feed/posts?page=1 HTTP/1.1" 304 - "http://localhost:3000/" "Mozilla/5.0 (Windows NT 10.0; Win64; x64) AppleWebKit/537.36 (KHTML, like Gecko) Chrome/78.0.3904.108 Safari/537.36"
::1 - - [04/Dec/2019:20:56:59 +0000] "OPTIONS /auth/status HTTP/1.1" 200 14 "http://localhost:3000/" "Mozilla/5.0 (Windows NT 10.0; Win64; x64) AppleWebKit/537.36 (KHTML, like Gecko) Chrome/78.0.3904.108 Safari/537.36"
::1 - - [04/Dec/2019:20:56:59 +0000] "OPTIONS /feed/posts?page=1 HTTP/1.1" 200 8 "http://localhost:3000/" "Mozilla/5.0 (Windows NT 10.0; Win64; x64) AppleWebKit/537.36 (KHTML, like Gecko) Chrome/78.0.3904.108 Safari/537.36"
::1 - - [04/Dec/2019:20:56:59 +0000] "GET /auth/status HTTP/1.1" 304 - "http://localhost:3000/" "Mozilla/5.0 (Windows NT 10.0; Win64; x64) AppleWebKit/537.36 (KHTML, like Gecko) Chrome/78.0.3904.108 Safari/537.36"
::1 - - [04/Dec/2019:20:56:59 +0000] "GET /feed/posts?page=1 HTTP/1.1" 304 - "http://localhost:3000/" "Mozilla/5.0 (Windows NT 10.0; Win64; x64) AppleWebKit/537.36 (KHTML, like Gecko) Chrome/78.0.3904.108 Safari/537.36"
::1 - - [04/Dec/2019:20:57:42 +0000] "OPTIONS /auth/status HTTP/1.1" 200 14 "http://localhost:3000/" "Mozilla/5.0 (Windows NT 10.0; Win64; x64) AppleWebKit/537.36 (KHTML, like Gecko) Chrome/78.0.3904.108 Safari/537.36"
::1 - - [04/Dec/2019:20:57:42 +0000] "OPTIONS /feed/posts?page=1 HTTP/1.1" 200 8 "http://localhost:3000/" "Mozilla/5.0 (Windows NT 10.0; Win64; x64) AppleWebKit/537.36 (KHTML, like Gecko) Chrome/78.0.3904.108 Safari/537.36"
::1 - - [04/Dec/2019:20:57:42 +0000] "GET /auth/status HTTP/1.1" 304 - "http://localhost:3000/" "Mozilla/5.0 (Windows NT 10.0; Win64; x64) AppleWebKit/537.36 (KHTML, like Gecko) Chrome/78.0.3904.108 Safari/537.36"
::1 - - [04/Dec/2019:20:57:42 +0000] "GET /feed/posts?page=1 HTTP/1.1" 304 - "http://localhost:3000/" "Mozilla/5.0 (Windows NT 10.0; Win64; x64) AppleWebKit/537.36 (KHTML, like Gecko) Chrome/78.0.3904.108 Safari/537.36"
::1 - - [04/Dec/2019:20:58:54 +0000] "OPTIONS /auth/status HTTP/1.1" 200 14 "http://localhost:3000/" "Mozilla/5.0 (Windows NT 10.0; Win64; x64) AppleWebKit/537.36 (KHTML, like Gecko) Chrome/78.0.3904.108 Safari/537.36"
::1 - - [04/Dec/2019:20:58:54 +0000] "OPTIONS /feed/posts?page=1 HTTP/1.1" 200 8 "http://localhost:3000/" "Mozilla/5.0 (Windows NT 10.0; Win64; x64) AppleWebKit/537.36 (KHTML, like Gecko) Chrome/78.0.3904.108 Safari/537.36"
::1 - - [04/Dec/2019:20:58:54 +0000] "GET /auth/status HTTP/1.1" 304 - "http://localhost:3000/" "Mozilla/5.0 (Windows NT 10.0; Win64; x64) AppleWebKit/537.36 (KHTML, like Gecko) Chrome/78.0.3904.108 Safari/537.36"
::1 - - [04/Dec/2019:20:58:54 +0000] "GET /feed/posts?page=1 HTTP/1.1" 304 - "http://localhost:3000/" "Mozilla/5.0 (Windows NT 10.0; Win64; x64) AppleWebKit/537.36 (KHTML, like Gecko) Chrome/78.0.3904.108 Safari/537.36"
::1 - - [04/Dec/2019:20:59:12 +0000] "OPTIONS /auth/status HTTP/1.1" 200 14 "http://localhost:3000/" "Mozilla/5.0 (Windows NT 10.0; Win64; x64) AppleWebKit/537.36 (KHTML, like Gecko) Chrome/78.0.3904.108 Safari/537.36"
::1 - - [04/Dec/2019:20:59:12 +0000] "OPTIONS /feed/posts?page=1 HTTP/1.1" 200 8 "http://localhost:3000/" "Mozilla/5.0 (Windows NT 10.0; Win64; x64) AppleWebKit/537.36 (KHTML, like Gecko) Chrome/78.0.3904.108 Safari/537.36"
::1 - - [04/Dec/2019:20:59:12 +0000] "GET /auth/status HTTP/1.1" 304 - "http://localhost:3000/" "Mozilla/5.0 (Windows NT 10.0; Win64; x64) AppleWebKit/537.36 (KHTML, like Gecko) Chrome/78.0.3904.108 Safari/537.36"
::1 - - [04/Dec/2019:20:59:12 +0000] "GET /feed/posts?page=1 HTTP/1.1" 304 - "http://localhost:3000/" "Mozilla/5.0 (Windows NT 10.0; Win64; x64) AppleWebKit/537.36 (KHTML, like Gecko) Chrome/78.0.3904.108 Safari/537.36"
::1 - - [04/Dec/2019:20:59:28 +0000] "OPTIONS /auth/status HTTP/1.1" 200 14 "http://localhost:3000/" "Mozilla/5.0 (Windows NT 10.0; Win64; x64) AppleWebKit/537.36 (KHTML, like Gecko) Chrome/78.0.3904.108 Safari/537.36"
::1 - - [04/Dec/2019:20:59:28 +0000] "OPTIONS /feed/posts?page=1 HTTP/1.1" 200 8 "http://localhost:3000/" "Mozilla/5.0 (Windows NT 10.0; Win64; x64) AppleWebKit/537.36 (KHTML, like Gecko) Chrome/78.0.3904.108 Safari/537.36"
::1 - - [04/Dec/2019:20:59:28 +0000] "GET /auth/status HTTP/1.1" 304 - "http://localhost:3000/" "Mozilla/5.0 (Windows NT 10.0; Win64; x64) AppleWebKit/537.36 (KHTML, like Gecko) Chrome/78.0.3904.108 Safari/537.36"
::1 - - [04/Dec/2019:20:59:28 +0000] "GET /feed/posts?page=1 HTTP/1.1" 304 - "http://localhost:3000/" "Mozilla/5.0 (Windows NT 10.0; Win64; x64) AppleWebKit/537.36 (KHTML, like Gecko) Chrome/78.0.3904.108 Safari/537.36"
::1 - - [04/Dec/2019:20:59:31 +0000] "GET /auth/status HTTP/1.1" 304 - "http://localhost:3000/" "Mozilla/5.0 (Windows NT 10.0; Win64; x64) AppleWebKit/537.36 (KHTML, like Gecko) Chrome/78.0.3904.108 Safari/537.36"
::1 - - [04/Dec/2019:20:59:31 +0000] "GET /feed/posts?page=1 HTTP/1.1" 304 - "http://localhost:3000/" "Mozilla/5.0 (Windows NT 10.0; Win64; x64) AppleWebKit/537.36 (KHTML, like Gecko) Chrome/78.0.3904.108 Safari/537.36"
::1 - - [04/Dec/2019:20:59:37 +0000] "OPTIONS /auth/status HTTP/1.1" 200 14 "http://localhost:3000/" "Mozilla/5.0 (Windows NT 10.0; Win64; x64) AppleWebKit/537.36 (KHTML, like Gecko) Chrome/78.0.3904.108 Safari/537.36"
::1 - - [04/Dec/2019:20:59:37 +0000] "OPTIONS /feed/posts?page=1 HTTP/1.1" 200 8 "http://localhost:3000/" "Mozilla/5.0 (Windows NT 10.0; Win64; x64) AppleWebKit/537.36 (KHTML, like Gecko) Chrome/78.0.3904.108 Safari/537.36"
::1 - - [04/Dec/2019:20:59:37 +0000] "GET /auth/status HTTP/1.1" 304 - "http://localhost:3000/" "Mozilla/5.0 (Windows NT 10.0; Win64; x64) AppleWebKit/537.36 (KHTML, like Gecko) Chrome/78.0.3904.108 Safari/537.36"
::1 - - [04/Dec/2019:20:59:37 +0000] "GET /feed/posts?page=1 HTTP/1.1" 304 - "http://localhost:3000/" "Mozilla/5.0 (Windows NT 10.0; Win64; x64) AppleWebKit/537.36 (KHTML, like Gecko) Chrome/78.0.3904.108 Safari/537.36"
::1 - - [04/Dec/2019:21:00:15 +0000] "OPTIONS /auth/status HTTP/1.1" 200 14 "http://localhost:3000/" "Mozilla/5.0 (Windows NT 10.0; Win64; x64) AppleWebKit/537.36 (KHTML, like Gecko) Chrome/78.0.3904.108 Safari/537.36"
::1 - - [04/Dec/2019:21:00:15 +0000] "OPTIONS /feed/posts?page=1 HTTP/1.1" 200 8 "http://localhost:3000/" "Mozilla/5.0 (Windows NT 10.0; Win64; x64) AppleWebKit/537.36 (KHTML, like Gecko) Chrome/78.0.3904.108 Safari/537.36"
::1 - - [04/Dec/2019:21:00:15 +0000] "GET /auth/status HTTP/1.1" 304 - "http://localhost:3000/" "Mozilla/5.0 (Windows NT 10.0; Win64; x64) AppleWebKit/537.36 (KHTML, like Gecko) Chrome/78.0.3904.108 Safari/537.36"
::1 - - [04/Dec/2019:21:00:15 +0000] "GET /feed/posts?page=1 HTTP/1.1" 304 - "http://localhost:3000/" "Mozilla/5.0 (Windows NT 10.0; Win64; x64) AppleWebKit/537.36 (KHTML, like Gecko) Chrome/78.0.3904.108 Safari/537.36"
::1 - - [04/Dec/2019:21:00:19 +0000] "GET /auth/status HTTP/1.1" 304 - "http://localhost:3000/" "Mozilla/5.0 (Windows NT 10.0; Win64; x64) AppleWebKit/537.36 (KHTML, like Gecko) Chrome/78.0.3904.108 Safari/537.36"
::1 - - [04/Dec/2019:21:00:19 +0000] "GET /feed/posts?page=1 HTTP/1.1" 304 - "http://localhost:3000/" "Mozilla/5.0 (Windows NT 10.0; Win64; x64) AppleWebKit/537.36 (KHTML, like Gecko) Chrome/78.0.3904.108 Safari/537.36"
::1 - - [04/Dec/2019:21:00:22 +0000] "OPTIONS /auth/status HTTP/1.1" 200 14 "http://localhost:3000/" "Mozilla/5.0 (Windows NT 10.0; Win64; x64) AppleWebKit/537.36 (KHTML, like Gecko) Chrome/78.0.3904.108 Safari/537.36"
::1 - - [04/Dec/2019:21:00:22 +0000] "OPTIONS /feed/posts?page=1 HTTP/1.1" 200 8 "http://localhost:3000/" "Mozilla/5.0 (Windows NT 10.0; Win64; x64) AppleWebKit/537.36 (KHTML, like Gecko) Chrome/78.0.3904.108 Safari/537.36"
::1 - - [04/Dec/2019:21:00:22 +0000] "GET /auth/status HTTP/1.1" 304 - "http://localhost:3000/" "Mozilla/5.0 (Windows NT 10.0; Win64; x64) AppleWebKit/537.36 (KHTML, like Gecko) Chrome/78.0.3904.108 Safari/537.36"
::1 - - [04/Dec/2019:21:00:22 +0000] "GET /feed/posts?page=1 HTTP/1.1" 304 - "http://localhost:3000/" "Mozilla/5.0 (Windows NT 10.0; Win64; x64) AppleWebKit/537.36 (KHTML, like Gecko) Chrome/78.0.3904.108 Safari/537.36"
::1 - - [04/Dec/2019:21:00:28 +0000] "OPTIONS /auth/status HTTP/1.1" 200 14 "http://localhost:3000/" "Mozilla/5.0 (Windows NT 10.0; Win64; x64) AppleWebKit/537.36 (KHTML, like Gecko) Chrome/78.0.3904.108 Safari/537.36"
::1 - - [04/Dec/2019:21:00:28 +0000] "OPTIONS /feed/posts?page=1 HTTP/1.1" 200 8 "http://localhost:3000/" "Mozilla/5.0 (Windows NT 10.0; Win64; x64) AppleWebKit/537.36 (KHTML, like Gecko) Chrome/78.0.3904.108 Safari/537.36"
::1 - - [04/Dec/2019:21:00:28 +0000] "GET /auth/status HTTP/1.1" 304 - "http://localhost:3000/" "Mozilla/5.0 (Windows NT 10.0; Win64; x64) AppleWebKit/537.36 (KHTML, like Gecko) Chrome/78.0.3904.108 Safari/537.36"
::1 - - [04/Dec/2019:21:00:28 +0000] "GET /feed/posts?page=1 HTTP/1.1" 304 - "http://localhost:3000/" "Mozilla/5.0 (Windows NT 10.0; Win64; x64) AppleWebKit/537.36 (KHTML, like Gecko) Chrome/78.0.3904.108 Safari/537.36"
::1 - - [04/Dec/2019:21:02:07 +0000] "OPTIONS /auth/status HTTP/1.1" 200 14 "http://localhost:3000/" "Mozilla/5.0 (Windows NT 10.0; Win64; x64) AppleWebKit/537.36 (KHTML, like Gecko) Chrome/78.0.3904.108 Safari/537.36"
::1 - - [04/Dec/2019:21:02:07 +0000] "OPTIONS /feed/posts?page=1 HTTP/1.1" 200 8 "http://localhost:3000/" "Mozilla/5.0 (Windows NT 10.0; Win64; x64) AppleWebKit/537.36 (KHTML, like Gecko) Chrome/78.0.3904.108 Safari/537.36"
::1 - - [04/Dec/2019:21:02:07 +0000] "GET /auth/status HTTP/1.1" 304 - "http://localhost:3000/" "Mozilla/5.0 (Windows NT 10.0; Win64; x64) AppleWebKit/537.36 (KHTML, like Gecko) Chrome/78.0.3904.108 Safari/537.36"
::1 - - [04/Dec/2019:21:02:07 +0000] "GET /feed/posts?page=1 HTTP/1.1" 304 - "http://localhost:3000/" "Mozilla/5.0 (Windows NT 10.0; Win64; x64) AppleWebKit/537.36 (KHTML, like Gecko) Chrome/78.0.3904.108 Safari/537.36"
::1 - - [04/Dec/2019:21:03:38 +0000] "OPTIONS /auth/status HTTP/1.1" 200 14 "http://localhost:3000/" "Mozilla/5.0 (Windows NT 10.0; Win64; x64) AppleWebKit/537.36 (KHTML, like Gecko) Chrome/78.0.3904.108 Safari/537.36"
::1 - - [04/Dec/2019:21:03:38 +0000] "OPTIONS /feed/posts?page=1 HTTP/1.1" 200 8 "http://localhost:3000/" "Mozilla/5.0 (Windows NT 10.0; Win64; x64) AppleWebKit/537.36 (KHTML, like Gecko) Chrome/78.0.3904.108 Safari/537.36"
::1 - - [04/Dec/2019:21:03:38 +0000] "GET /auth/status HTTP/1.1" 304 - "http://localhost:3000/" "Mozilla/5.0 (Windows NT 10.0; Win64; x64) AppleWebKit/537.36 (KHTML, like Gecko) Chrome/78.0.3904.108 Safari/537.36"
::1 - - [04/Dec/2019:21:03:38 +0000] "GET /feed/posts?page=1 HTTP/1.1" 304 - "http://localhost:3000/" "Mozilla/5.0 (Windows NT 10.0; Win64; x64) AppleWebKit/537.36 (KHTML, like Gecko) Chrome/78.0.3904.108 Safari/537.36"
::1 - - [04/Dec/2019:21:03:40 +0000] "GET /auth/status HTTP/1.1" 304 - "http://localhost:3000/" "Mozilla/5.0 (Windows NT 10.0; Win64; x64) AppleWebKit/537.36 (KHTML, like Gecko) Chrome/78.0.3904.108 Safari/537.36"
::1 - - [04/Dec/2019:21:03:40 +0000] "GET /feed/posts?page=1 HTTP/1.1" 304 - "http://localhost:3000/" "Mozilla/5.0 (Windows NT 10.0; Win64; x64) AppleWebKit/537.36 (KHTML, like Gecko) Chrome/78.0.3904.108 Safari/537.36"
::1 - - [04/Dec/2019:21:03:40 +0000] "GET /auth/status HTTP/1.1" 304 - "http://localhost:3000/" "Mozilla/5.0 (Windows NT 10.0; Win64; x64) AppleWebKit/537.36 (KHTML, like Gecko) Chrome/78.0.3904.108 Safari/537.36"
::1 - - [04/Dec/2019:21:03:40 +0000] "GET /feed/posts?page=1 HTTP/1.1" 304 - "http://localhost:3000/" "Mozilla/5.0 (Windows NT 10.0; Win64; x64) AppleWebKit/537.36 (KHTML, like Gecko) Chrome/78.0.3904.108 Safari/537.36"
::1 - - [04/Dec/2019:21:04:32 +0000] "OPTIONS /auth/status HTTP/1.1" 200 14 "http://localhost:3000/" "Mozilla/5.0 (Windows NT 10.0; Win64; x64) AppleWebKit/537.36 (KHTML, like Gecko) Chrome/78.0.3904.108 Safari/537.36"
::1 - - [04/Dec/2019:21:04:32 +0000] "OPTIONS /feed/posts?page=1 HTTP/1.1" 200 8 "http://localhost:3000/" "Mozilla/5.0 (Windows NT 10.0; Win64; x64) AppleWebKit/537.36 (KHTML, like Gecko) Chrome/78.0.3904.108 Safari/537.36"
::1 - - [04/Dec/2019:21:04:32 +0000] "GET /auth/status HTTP/1.1" 304 - "http://localhost:3000/" "Mozilla/5.0 (Windows NT 10.0; Win64; x64) AppleWebKit/537.36 (KHTML, like Gecko) Chrome/78.0.3904.108 Safari/537.36"
::1 - - [04/Dec/2019:21:04:32 +0000] "GET /feed/posts?page=1 HTTP/1.1" 304 - "http://localhost:3000/" "Mozilla/5.0 (Windows NT 10.0; Win64; x64) AppleWebKit/537.36 (KHTML, like Gecko) Chrome/78.0.3904.108 Safari/537.36"
::1 - - [04/Dec/2019:21:04:33 +0000] "GET /auth/status HTTP/1.1" 304 - "http://localhost:3000/" "Mozilla/5.0 (Windows NT 10.0; Win64; x64) AppleWebKit/537.36 (KHTML, like Gecko) Chrome/78.0.3904.108 Safari/537.36"
::1 - - [04/Dec/2019:21:04:33 +0000] "GET /feed/posts?page=1 HTTP/1.1" 304 - "http://localhost:3000/" "Mozilla/5.0 (Windows NT 10.0; Win64; x64) AppleWebKit/537.36 (KHTML, like Gecko) Chrome/78.0.3904.108 Safari/537.36"
::1 - - [04/Dec/2019:21:04:46 +0000] "OPTIONS /auth/status HTTP/1.1" 200 14 "http://localhost:3000/" "Mozilla/5.0 (Windows NT 10.0; Win64; x64) AppleWebKit/537.36 (KHTML, like Gecko) Chrome/78.0.3904.108 Safari/537.36"
::1 - - [04/Dec/2019:21:04:46 +0000] "OPTIONS /feed/posts?page=1 HTTP/1.1" 200 8 "http://localhost:3000/" "Mozilla/5.0 (Windows NT 10.0; Win64; x64) AppleWebKit/537.36 (KHTML, like Gecko) Chrome/78.0.3904.108 Safari/537.36"
::1 - - [04/Dec/2019:21:04:46 +0000] "GET /auth/status HTTP/1.1" 304 - "http://localhost:3000/" "Mozilla/5.0 (Windows NT 10.0; Win64; x64) AppleWebKit/537.36 (KHTML, like Gecko) Chrome/78.0.3904.108 Safari/537.36"
::1 - - [04/Dec/2019:21:04:46 +0000] "GET /feed/posts?page=1 HTTP/1.1" 304 - "http://localhost:3000/" "Mozilla/5.0 (Windows NT 10.0; Win64; x64) AppleWebKit/537.36 (KHTML, like Gecko) Chrome/78.0.3904.108 Safari/537.36"
::1 - - [04/Dec/2019:21:04:48 +0000] "GET /auth/status HTTP/1.1" 304 - "http://localhost:3000/" "Mozilla/5.0 (Windows NT 10.0; Win64; x64) AppleWebKit/537.36 (KHTML, like Gecko) Chrome/78.0.3904.108 Safari/537.36"
::1 - - [04/Dec/2019:21:04:48 +0000] "GET /feed/posts?page=1 HTTP/1.1" 304 - "http://localhost:3000/" "Mozilla/5.0 (Windows NT 10.0; Win64; x64) AppleWebKit/537.36 (KHTML, like Gecko) Chrome/78.0.3904.108 Safari/537.36"
::1 - - [04/Dec/2019:21:04:51 +0000] "GET /auth/status HTTP/1.1" 304 - "http://localhost:3000/" "Mozilla/5.0 (Windows NT 10.0; Win64; x64) AppleWebKit/537.36 (KHTML, like Gecko) Chrome/78.0.3904.108 Safari/537.36"
::1 - - [04/Dec/2019:21:04:51 +0000] "GET /feed/posts?page=1 HTTP/1.1" 304 - "http://localhost:3000/" "Mozilla/5.0 (Windows NT 10.0; Win64; x64) AppleWebKit/537.36 (KHTML, like Gecko) Chrome/78.0.3904.108 Safari/537.36"
::1 - - [04/Dec/2019:21:05:10 +0000] "OPTIONS /auth/status HTTP/1.1" 200 14 "http://localhost:3000/" "Mozilla/5.0 (Windows NT 10.0; Win64; x64) AppleWebKit/537.36 (KHTML, like Gecko) Chrome/78.0.3904.108 Safari/537.36"
::1 - - [04/Dec/2019:21:05:10 +0000] "OPTIONS /feed/posts?page=1 HTTP/1.1" 200 8 "http://localhost:3000/" "Mozilla/5.0 (Windows NT 10.0; Win64; x64) AppleWebKit/537.36 (KHTML, like Gecko) Chrome/78.0.3904.108 Safari/537.36"
::1 - - [04/Dec/2019:21:05:10 +0000] "GET /auth/status HTTP/1.1" 304 - "http://localhost:3000/" "Mozilla/5.0 (Windows NT 10.0; Win64; x64) AppleWebKit/537.36 (KHTML, like Gecko) Chrome/78.0.3904.108 Safari/537.36"
::1 - - [04/Dec/2019:21:05:10 +0000] "GET /feed/posts?page=1 HTTP/1.1" 304 - "http://localhost:3000/" "Mozilla/5.0 (Windows NT 10.0; Win64; x64) AppleWebKit/537.36 (KHTML, like Gecko) Chrome/78.0.3904.108 Safari/537.36"
::1 - - [04/Dec/2019:21:05:12 +0000] "GET /auth/status HTTP/1.1" 304 - "http://localhost:3000/" "Mozilla/5.0 (Windows NT 10.0; Win64; x64) AppleWebKit/537.36 (KHTML, like Gecko) Chrome/78.0.3904.108 Safari/537.36"
::1 - - [04/Dec/2019:21:05:12 +0000] "GET /feed/posts?page=1 HTTP/1.1" 304 - "http://localhost:3000/" "Mozilla/5.0 (Windows NT 10.0; Win64; x64) AppleWebKit/537.36 (KHTML, like Gecko) Chrome/78.0.3904.108 Safari/537.36"
::1 - - [04/Dec/2019:21:05:20 +0000] "OPTIONS /auth/status HTTP/1.1" 200 14 "http://localhost:3000/" "Mozilla/5.0 (Windows NT 10.0; Win64; x64) AppleWebKit/537.36 (KHTML, like Gecko) Chrome/78.0.3904.108 Safari/537.36"
::1 - - [04/Dec/2019:21:05:20 +0000] "OPTIONS /feed/posts?page=1 HTTP/1.1" 200 8 "http://localhost:3000/" "Mozilla/5.0 (Windows NT 10.0; Win64; x64) AppleWebKit/537.36 (KHTML, like Gecko) Chrome/78.0.3904.108 Safari/537.36"
::1 - - [04/Dec/2019:21:05:20 +0000] "GET /auth/status HTTP/1.1" 304 - "http://localhost:3000/" "Mozilla/5.0 (Windows NT 10.0; Win64; x64) AppleWebKit/537.36 (KHTML, like Gecko) Chrome/78.0.3904.108 Safari/537.36"
::1 - - [04/Dec/2019:21:05:20 +0000] "GET /feed/posts?page=1 HTTP/1.1" 304 - "http://localhost:3000/" "Mozilla/5.0 (Windows NT 10.0; Win64; x64) AppleWebKit/537.36 (KHTML, like Gecko) Chrome/78.0.3904.108 Safari/537.36"
::1 - - [04/Dec/2019:21:05:22 +0000] "GET /auth/status HTTP/1.1" 304 - "http://localhost:3000/" "Mozilla/5.0 (Windows NT 10.0; Win64; x64) AppleWebKit/537.36 (KHTML, like Gecko) Chrome/78.0.3904.108 Safari/537.36"
::1 - - [04/Dec/2019:21:05:22 +0000] "GET /feed/posts?page=1 HTTP/1.1" 304 - "http://localhost:3000/" "Mozilla/5.0 (Windows NT 10.0; Win64; x64) AppleWebKit/537.36 (KHTML, like Gecko) Chrome/78.0.3904.108 Safari/537.36"
::1 - - [04/Dec/2019:21:05:35 +0000] "OPTIONS /auth/status HTTP/1.1" 200 14 "http://localhost:3000/" "Mozilla/5.0 (Windows NT 10.0; Win64; x64) AppleWebKit/537.36 (KHTML, like Gecko) Chrome/78.0.3904.108 Safari/537.36"
::1 - - [04/Dec/2019:21:05:35 +0000] "OPTIONS /feed/posts?page=1 HTTP/1.1" 200 8 "http://localhost:3000/" "Mozilla/5.0 (Windows NT 10.0; Win64; x64) AppleWebKit/537.36 (KHTML, like Gecko) Chrome/78.0.3904.108 Safari/537.36"
::1 - - [04/Dec/2019:21:05:35 +0000] "GET /auth/status HTTP/1.1" 304 - "http://localhost:3000/" "Mozilla/5.0 (Windows NT 10.0; Win64; x64) AppleWebKit/537.36 (KHTML, like Gecko) Chrome/78.0.3904.108 Safari/537.36"
::1 - - [04/Dec/2019:21:05:35 +0000] "GET /feed/posts?page=1 HTTP/1.1" 304 - "http://localhost:3000/" "Mozilla/5.0 (Windows NT 10.0; Win64; x64) AppleWebKit/537.36 (KHTML, like Gecko) Chrome/78.0.3904.108 Safari/537.36"
::1 - - [04/Dec/2019:21:05:45 +0000] "OPTIONS /auth/status HTTP/1.1" 200 14 "http://localhost:3000/" "Mozilla/5.0 (Windows NT 10.0; Win64; x64) AppleWebKit/537.36 (KHTML, like Gecko) Chrome/78.0.3904.108 Safari/537.36"
::1 - - [04/Dec/2019:21:05:45 +0000] "OPTIONS /feed/posts?page=1 HTTP/1.1" 200 8 "http://localhost:3000/" "Mozilla/5.0 (Windows NT 10.0; Win64; x64) AppleWebKit/537.36 (KHTML, like Gecko) Chrome/78.0.3904.108 Safari/537.36"
::1 - - [04/Dec/2019:21:05:45 +0000] "GET /auth/status HTTP/1.1" 304 - "http://localhost:3000/" "Mozilla/5.0 (Windows NT 10.0; Win64; x64) AppleWebKit/537.36 (KHTML, like Gecko) Chrome/78.0.3904.108 Safari/537.36"
::1 - - [04/Dec/2019:21:05:45 +0000] "GET /feed/posts?page=1 HTTP/1.1" 304 - "http://localhost:3000/" "Mozilla/5.0 (Windows NT 10.0; Win64; x64) AppleWebKit/537.36 (KHTML, like Gecko) Chrome/78.0.3904.108 Safari/537.36"
::1 - - [04/Dec/2019:21:06:49 +0000] "OPTIONS /auth/status HTTP/1.1" 200 14 "http://localhost:3000/" "Mozilla/5.0 (Windows NT 10.0; Win64; x64) AppleWebKit/537.36 (KHTML, like Gecko) Chrome/78.0.3904.108 Safari/537.36"
::1 - - [04/Dec/2019:21:06:49 +0000] "OPTIONS /feed/posts?page=1 HTTP/1.1" 200 8 "http://localhost:3000/" "Mozilla/5.0 (Windows NT 10.0; Win64; x64) AppleWebKit/537.36 (KHTML, like Gecko) Chrome/78.0.3904.108 Safari/537.36"
::1 - - [04/Dec/2019:21:06:49 +0000] "GET /auth/status HTTP/1.1" 304 - "http://localhost:3000/" "Mozilla/5.0 (Windows NT 10.0; Win64; x64) AppleWebKit/537.36 (KHTML, like Gecko) Chrome/78.0.3904.108 Safari/537.36"
::1 - - [04/Dec/2019:21:06:49 +0000] "GET /feed/posts?page=1 HTTP/1.1" 304 - "http://localhost:3000/" "Mozilla/5.0 (Windows NT 10.0; Win64; x64) AppleWebKit/537.36 (KHTML, like Gecko) Chrome/78.0.3904.108 Safari/537.36"
::1 - - [04/Dec/2019:21:07:49 +0000] "OPTIONS /auth/status HTTP/1.1" 200 14 "http://localhost:3000/" "Mozilla/5.0 (Windows NT 10.0; Win64; x64) AppleWebKit/537.36 (KHTML, like Gecko) Chrome/78.0.3904.108 Safari/537.36"
::1 - - [04/Dec/2019:21:07:49 +0000] "OPTIONS /feed/posts?page=1 HTTP/1.1" 200 8 "http://localhost:3000/" "Mozilla/5.0 (Windows NT 10.0; Win64; x64) AppleWebKit/537.36 (KHTML, like Gecko) Chrome/78.0.3904.108 Safari/537.36"
::1 - - [04/Dec/2019:21:07:49 +0000] "GET /auth/status HTTP/1.1" 304 - "http://localhost:3000/" "Mozilla/5.0 (Windows NT 10.0; Win64; x64) AppleWebKit/537.36 (KHTML, like Gecko) Chrome/78.0.3904.108 Safari/537.36"
::1 - - [04/Dec/2019:21:07:49 +0000] "GET /feed/posts?page=1 HTTP/1.1" 304 - "http://localhost:3000/" "Mozilla/5.0 (Windows NT 10.0; Win64; x64) AppleWebKit/537.36 (KHTML, like Gecko) Chrome/78.0.3904.108 Safari/537.36"
::1 - - [04/Dec/2019:21:08:16 +0000] "OPTIONS /auth/status HTTP/1.1" 200 14 "http://localhost:3000/" "Mozilla/5.0 (Windows NT 10.0; Win64; x64) AppleWebKit/537.36 (KHTML, like Gecko) Chrome/78.0.3904.108 Safari/537.36"
::1 - - [04/Dec/2019:21:08:16 +0000] "OPTIONS /feed/posts?page=1 HTTP/1.1" 200 8 "http://localhost:3000/" "Mozilla/5.0 (Windows NT 10.0; Win64; x64) AppleWebKit/537.36 (KHTML, like Gecko) Chrome/78.0.3904.108 Safari/537.36"
::1 - - [04/Dec/2019:21:08:16 +0000] "GET /auth/status HTTP/1.1" 304 - "http://localhost:3000/" "Mozilla/5.0 (Windows NT 10.0; Win64; x64) AppleWebKit/537.36 (KHTML, like Gecko) Chrome/78.0.3904.108 Safari/537.36"
::1 - - [04/Dec/2019:21:08:16 +0000] "GET /feed/posts?page=1 HTTP/1.1" 304 - "http://localhost:3000/" "Mozilla/5.0 (Windows NT 10.0; Win64; x64) AppleWebKit/537.36 (KHTML, like Gecko) Chrome/78.0.3904.108 Safari/537.36"
::1 - - [04/Dec/2019:21:08:23 +0000] "OPTIONS /auth/status HTTP/1.1" 200 14 "http://localhost:3000/" "Mozilla/5.0 (Windows NT 10.0; Win64; x64) AppleWebKit/537.36 (KHTML, like Gecko) Chrome/78.0.3904.108 Safari/537.36"
::1 - - [04/Dec/2019:21:08:23 +0000] "OPTIONS /feed/posts?page=1 HTTP/1.1" 200 8 "http://localhost:3000/" "Mozilla/5.0 (Windows NT 10.0; Win64; x64) AppleWebKit/537.36 (KHTML, like Gecko) Chrome/78.0.3904.108 Safari/537.36"
::1 - - [04/Dec/2019:21:08:23 +0000] "GET /auth/status HTTP/1.1" 304 - "http://localhost:3000/" "Mozilla/5.0 (Windows NT 10.0; Win64; x64) AppleWebKit/537.36 (KHTML, like Gecko) Chrome/78.0.3904.108 Safari/537.36"
::1 - - [04/Dec/2019:21:08:23 +0000] "GET /feed/posts?page=1 HTTP/1.1" 304 - "http://localhost:3000/" "Mozilla/5.0 (Windows NT 10.0; Win64; x64) AppleWebKit/537.36 (KHTML, like Gecko) Chrome/78.0.3904.108 Safari/537.36"
::1 - - [04/Dec/2019:21:08:25 +0000] "GET /auth/status HTTP/1.1" 304 - "http://localhost:3000/" "Mozilla/5.0 (Windows NT 10.0; Win64; x64) AppleWebKit/537.36 (KHTML, like Gecko) Chrome/78.0.3904.108 Safari/537.36"
::1 - - [04/Dec/2019:21:08:25 +0000] "GET /feed/posts?page=1 HTTP/1.1" 304 - "http://localhost:3000/" "Mozilla/5.0 (Windows NT 10.0; Win64; x64) AppleWebKit/537.36 (KHTML, like Gecko) Chrome/78.0.3904.108 Safari/537.36"
::1 - - [04/Dec/2019:21:08:27 +0000] "GET /auth/status HTTP/1.1" 304 - "http://localhost:3000/" "Mozilla/5.0 (Windows NT 10.0; Win64; x64) AppleWebKit/537.36 (KHTML, like Gecko) Chrome/78.0.3904.108 Safari/537.36"
::1 - - [04/Dec/2019:21:08:27 +0000] "GET /feed/posts?page=1 HTTP/1.1" 304 - "http://localhost:3000/" "Mozilla/5.0 (Windows NT 10.0; Win64; x64) AppleWebKit/537.36 (KHTML, like Gecko) Chrome/78.0.3904.108 Safari/537.36"
::1 - - [04/Dec/2019:21:08:48 +0000] "OPTIONS /auth/status HTTP/1.1" 200 14 "http://localhost:3000/" "Mozilla/5.0 (Windows NT 10.0; Win64; x64) AppleWebKit/537.36 (KHTML, like Gecko) Chrome/78.0.3904.108 Safari/537.36"
::1 - - [04/Dec/2019:21:08:48 +0000] "OPTIONS /feed/posts?page=1 HTTP/1.1" 200 8 "http://localhost:3000/" "Mozilla/5.0 (Windows NT 10.0; Win64; x64) AppleWebKit/537.36 (KHTML, like Gecko) Chrome/78.0.3904.108 Safari/537.36"
::1 - - [04/Dec/2019:21:08:48 +0000] "GET /auth/status HTTP/1.1" 304 - "http://localhost:3000/" "Mozilla/5.0 (Windows NT 10.0; Win64; x64) AppleWebKit/537.36 (KHTML, like Gecko) Chrome/78.0.3904.108 Safari/537.36"
::1 - - [04/Dec/2019:21:08:48 +0000] "GET /feed/posts?page=1 HTTP/1.1" 304 - "http://localhost:3000/" "Mozilla/5.0 (Windows NT 10.0; Win64; x64) AppleWebKit/537.36 (KHTML, like Gecko) Chrome/78.0.3904.108 Safari/537.36"
::1 - - [04/Dec/2019:21:08:58 +0000] "OPTIONS /auth/status HTTP/1.1" 200 14 "http://localhost:3000/" "Mozilla/5.0 (Windows NT 10.0; Win64; x64) AppleWebKit/537.36 (KHTML, like Gecko) Chrome/78.0.3904.108 Safari/537.36"
::1 - - [04/Dec/2019:21:08:58 +0000] "OPTIONS /feed/posts?page=1 HTTP/1.1" 200 8 "http://localhost:3000/" "Mozilla/5.0 (Windows NT 10.0; Win64; x64) AppleWebKit/537.36 (KHTML, like Gecko) Chrome/78.0.3904.108 Safari/537.36"
::1 - - [04/Dec/2019:21:08:58 +0000] "GET /auth/status HTTP/1.1" 304 - "http://localhost:3000/" "Mozilla/5.0 (Windows NT 10.0; Win64; x64) AppleWebKit/537.36 (KHTML, like Gecko) Chrome/78.0.3904.108 Safari/537.36"
::1 - - [04/Dec/2019:21:08:58 +0000] "GET /feed/posts?page=1 HTTP/1.1" 304 - "http://localhost:3000/" "Mozilla/5.0 (Windows NT 10.0; Win64; x64) AppleWebKit/537.36 (KHTML, like Gecko) Chrome/78.0.3904.108 Safari/537.36"
::1 - - [04/Dec/2019:21:08:59 +0000] "GET /auth/status HTTP/1.1" 304 - "http://localhost:3000/" "Mozilla/5.0 (Windows NT 10.0; Win64; x64) AppleWebKit/537.36 (KHTML, like Gecko) Chrome/78.0.3904.108 Safari/537.36"
::1 - - [04/Dec/2019:21:08:59 +0000] "GET /feed/posts?page=1 HTTP/1.1" 304 - "http://localhost:3000/" "Mozilla/5.0 (Windows NT 10.0; Win64; x64) AppleWebKit/537.36 (KHTML, like Gecko) Chrome/78.0.3904.108 Safari/537.36"
::1 - - [04/Dec/2019:21:09:08 +0000] "OPTIONS /auth/status HTTP/1.1" 200 14 "http://localhost:3000/" "Mozilla/5.0 (Windows NT 10.0; Win64; x64) AppleWebKit/537.36 (KHTML, like Gecko) Chrome/78.0.3904.108 Safari/537.36"
::1 - - [04/Dec/2019:21:09:08 +0000] "OPTIONS /feed/posts?page=1 HTTP/1.1" 200 8 "http://localhost:3000/" "Mozilla/5.0 (Windows NT 10.0; Win64; x64) AppleWebKit/537.36 (KHTML, like Gecko) Chrome/78.0.3904.108 Safari/537.36"
::1 - - [04/Dec/2019:21:09:08 +0000] "GET /auth/status HTTP/1.1" 304 - "http://localhost:3000/" "Mozilla/5.0 (Windows NT 10.0; Win64; x64) AppleWebKit/537.36 (KHTML, like Gecko) Chrome/78.0.3904.108 Safari/537.36"
::1 - - [04/Dec/2019:21:09:08 +0000] "GET /feed/posts?page=1 HTTP/1.1" 304 - "http://localhost:3000/" "Mozilla/5.0 (Windows NT 10.0; Win64; x64) AppleWebKit/537.36 (KHTML, like Gecko) Chrome/78.0.3904.108 Safari/537.36"
::1 - - [04/Dec/2019:21:09:43 +0000] "OPTIONS /auth/status HTTP/1.1" 200 14 "http://localhost:3000/" "Mozilla/5.0 (Windows NT 10.0; Win64; x64) AppleWebKit/537.36 (KHTML, like Gecko) Chrome/78.0.3904.108 Safari/537.36"
::1 - - [04/Dec/2019:21:09:43 +0000] "OPTIONS /feed/posts?page=1 HTTP/1.1" 200 8 "http://localhost:3000/" "Mozilla/5.0 (Windows NT 10.0; Win64; x64) AppleWebKit/537.36 (KHTML, like Gecko) Chrome/78.0.3904.108 Safari/537.36"
::1 - - [04/Dec/2019:21:09:43 +0000] "GET /auth/status HTTP/1.1" 304 - "http://localhost:3000/" "Mozilla/5.0 (Windows NT 10.0; Win64; x64) AppleWebKit/537.36 (KHTML, like Gecko) Chrome/78.0.3904.108 Safari/537.36"
::1 - - [04/Dec/2019:21:09:43 +0000] "GET /feed/posts?page=1 HTTP/1.1" 304 - "http://localhost:3000/" "Mozilla/5.0 (Windows NT 10.0; Win64; x64) AppleWebKit/537.36 (KHTML, like Gecko) Chrome/78.0.3904.108 Safari/537.36"
::1 - - [04/Dec/2019:21:09:45 +0000] "GET /auth/status HTTP/1.1" 304 - "http://localhost:3000/" "Mozilla/5.0 (Windows NT 10.0; Win64; x64) AppleWebKit/537.36 (KHTML, like Gecko) Chrome/78.0.3904.108 Safari/537.36"
::1 - - [04/Dec/2019:21:09:45 +0000] "GET /feed/posts?page=1 HTTP/1.1" 304 - "http://localhost:3000/" "Mozilla/5.0 (Windows NT 10.0; Win64; x64) AppleWebKit/537.36 (KHTML, like Gecko) Chrome/78.0.3904.108 Safari/537.36"
::1 - - [04/Dec/2019:21:09:51 +0000] "OPTIONS /auth/status HTTP/1.1" 200 14 "http://localhost:3000/" "Mozilla/5.0 (Windows NT 10.0; Win64; x64) AppleWebKit/537.36 (KHTML, like Gecko) Chrome/78.0.3904.108 Safari/537.36"
::1 - - [04/Dec/2019:21:09:51 +0000] "OPTIONS /feed/posts?page=1 HTTP/1.1" 200 8 "http://localhost:3000/" "Mozilla/5.0 (Windows NT 10.0; Win64; x64) AppleWebKit/537.36 (KHTML, like Gecko) Chrome/78.0.3904.108 Safari/537.36"
::1 - - [04/Dec/2019:21:09:51 +0000] "GET /auth/status HTTP/1.1" 304 - "http://localhost:3000/" "Mozilla/5.0 (Windows NT 10.0; Win64; x64) AppleWebKit/537.36 (KHTML, like Gecko) Chrome/78.0.3904.108 Safari/537.36"
::1 - - [04/Dec/2019:21:09:51 +0000] "GET /feed/posts?page=1 HTTP/1.1" 304 - "http://localhost:3000/" "Mozilla/5.0 (Windows NT 10.0; Win64; x64) AppleWebKit/537.36 (KHTML, like Gecko) Chrome/78.0.3904.108 Safari/537.36"
::1 - - [04/Dec/2019:21:09:54 +0000] "GET /auth/status HTTP/1.1" 304 - "http://localhost:3000/" "Mozilla/5.0 (Windows NT 10.0; Win64; x64) AppleWebKit/537.36 (KHTML, like Gecko) Chrome/78.0.3904.108 Safari/537.36"
::1 - - [04/Dec/2019:21:09:54 +0000] "GET /feed/posts?page=1 HTTP/1.1" 304 - "http://localhost:3000/" "Mozilla/5.0 (Windows NT 10.0; Win64; x64) AppleWebKit/537.36 (KHTML, like Gecko) Chrome/78.0.3904.108 Safari/537.36"
::1 - - [04/Dec/2019:21:09:55 +0000] "GET /auth/status HTTP/1.1" 304 - "http://localhost:3000/" "Mozilla/5.0 (Windows NT 10.0; Win64; x64) AppleWebKit/537.36 (KHTML, like Gecko) Chrome/78.0.3904.108 Safari/537.36"
::1 - - [04/Dec/2019:21:09:55 +0000] "GET /feed/posts?page=1 HTTP/1.1" 304 - "http://localhost:3000/" "Mozilla/5.0 (Windows NT 10.0; Win64; x64) AppleWebKit/537.36 (KHTML, like Gecko) Chrome/78.0.3904.108 Safari/537.36"
::1 - - [04/Dec/2019:21:09:56 +0000] "GET /auth/status HTTP/1.1" 304 - "http://localhost:3000/" "Mozilla/5.0 (Windows NT 10.0; Win64; x64) AppleWebKit/537.36 (KHTML, like Gecko) Chrome/78.0.3904.108 Safari/537.36"
::1 - - [04/Dec/2019:21:09:56 +0000] "GET /feed/posts?page=1 HTTP/1.1" 304 - "http://localhost:3000/" "Mozilla/5.0 (Windows NT 10.0; Win64; x64) AppleWebKit/537.36 (KHTML, like Gecko) Chrome/78.0.3904.108 Safari/537.36"
::1 - - [04/Dec/2019:21:12:17 +0000] "OPTIONS /auth/status HTTP/1.1" 200 14 "http://localhost:3000/" "Mozilla/5.0 (Windows NT 10.0; Win64; x64) AppleWebKit/537.36 (KHTML, like Gecko) Chrome/78.0.3904.108 Safari/537.36"
::1 - - [04/Dec/2019:21:12:17 +0000] "OPTIONS /feed/posts?page=1 HTTP/1.1" 200 8 "http://localhost:3000/" "Mozilla/5.0 (Windows NT 10.0; Win64; x64) AppleWebKit/537.36 (KHTML, like Gecko) Chrome/78.0.3904.108 Safari/537.36"
::1 - - [04/Dec/2019:21:12:17 +0000] "GET /auth/status HTTP/1.1" 304 - "http://localhost:3000/" "Mozilla/5.0 (Windows NT 10.0; Win64; x64) AppleWebKit/537.36 (KHTML, like Gecko) Chrome/78.0.3904.108 Safari/537.36"
::1 - - [04/Dec/2019:21:12:17 +0000] "GET /feed/posts?page=1 HTTP/1.1" 304 - "http://localhost:3000/" "Mozilla/5.0 (Windows NT 10.0; Win64; x64) AppleWebKit/537.36 (KHTML, like Gecko) Chrome/78.0.3904.108 Safari/537.36"
::1 - - [04/Dec/2019:21:12:33 +0000] "OPTIONS /auth/status HTTP/1.1" 200 14 "http://localhost:3000/" "Mozilla/5.0 (Windows NT 10.0; Win64; x64) AppleWebKit/537.36 (KHTML, like Gecko) Chrome/78.0.3904.108 Safari/537.36"
::1 - - [04/Dec/2019:21:12:33 +0000] "OPTIONS /feed/posts?page=1 HTTP/1.1" 200 8 "http://localhost:3000/" "Mozilla/5.0 (Windows NT 10.0; Win64; x64) AppleWebKit/537.36 (KHTML, like Gecko) Chrome/78.0.3904.108 Safari/537.36"
::1 - - [04/Dec/2019:21:12:33 +0000] "GET /auth/status HTTP/1.1" 304 - "http://localhost:3000/" "Mozilla/5.0 (Windows NT 10.0; Win64; x64) AppleWebKit/537.36 (KHTML, like Gecko) Chrome/78.0.3904.108 Safari/537.36"
::1 - - [04/Dec/2019:21:12:33 +0000] "GET /feed/posts?page=1 HTTP/1.1" 304 - "http://localhost:3000/" "Mozilla/5.0 (Windows NT 10.0; Win64; x64) AppleWebKit/537.36 (KHTML, like Gecko) Chrome/78.0.3904.108 Safari/537.36"
::1 - - [04/Dec/2019:21:12:34 +0000] "GET /auth/status HTTP/1.1" 304 - "http://localhost:3000/" "Mozilla/5.0 (Windows NT 10.0; Win64; x64) AppleWebKit/537.36 (KHTML, like Gecko) Chrome/78.0.3904.108 Safari/537.36"
::1 - - [04/Dec/2019:21:12:34 +0000] "GET /feed/posts?page=1 HTTP/1.1" 304 - "http://localhost:3000/" "Mozilla/5.0 (Windows NT 10.0; Win64; x64) AppleWebKit/537.36 (KHTML, like Gecko) Chrome/78.0.3904.108 Safari/537.36"
::1 - - [04/Dec/2019:21:12:44 +0000] "OPTIONS /feed/post/5de81529081bf6355471bfe1 HTTP/1.1" 200 19 "http://localhost:3000/5de81529081bf6355471bfe1" "Mozilla/5.0 (Windows NT 10.0; Win64; x64) AppleWebKit/537.36 (KHTML, like Gecko) Chrome/78.0.3904.108 Safari/537.36"
::1 - - [04/Dec/2019:21:12:44 +0000] "GET /feed/post/5de81529081bf6355471bfe1 HTTP/1.1" 304 - "http://localhost:3000/5de81529081bf6355471bfe1" "Mozilla/5.0 (Windows NT 10.0; Win64; x64) AppleWebKit/537.36 (KHTML, like Gecko) Chrome/78.0.3904.108 Safari/537.36"
::1 - - [04/Dec/2019:21:12:44 +0000] "GET /images/f1155e5a-854c-4ab1-b162-f5661e19dc31 HTTP/1.1" 304 - "http://localhost:3000/5de81529081bf6355471bfe1" "Mozilla/5.0 (Windows NT 10.0; Win64; x64) AppleWebKit/537.36 (KHTML, like Gecko) Chrome/78.0.3904.108 Safari/537.36"
::1 - - [04/Dec/2019:21:12:46 +0000] "OPTIONS /auth/status HTTP/1.1" 200 14 "http://localhost:3000/" "Mozilla/5.0 (Windows NT 10.0; Win64; x64) AppleWebKit/537.36 (KHTML, like Gecko) Chrome/78.0.3904.108 Safari/537.36"
::1 - - [04/Dec/2019:21:12:46 +0000] "OPTIONS /feed/posts?page=1 HTTP/1.1" 200 8 "http://localhost:3000/" "Mozilla/5.0 (Windows NT 10.0; Win64; x64) AppleWebKit/537.36 (KHTML, like Gecko) Chrome/78.0.3904.108 Safari/537.36"
::1 - - [04/Dec/2019:21:12:46 +0000] "GET /auth/status HTTP/1.1" 304 - "http://localhost:3000/" "Mozilla/5.0 (Windows NT 10.0; Win64; x64) AppleWebKit/537.36 (KHTML, like Gecko) Chrome/78.0.3904.108 Safari/537.36"
::1 - - [04/Dec/2019:21:12:46 +0000] "GET /feed/posts?page=1 HTTP/1.1" 304 - "http://localhost:3000/" "Mozilla/5.0 (Windows NT 10.0; Win64; x64) AppleWebKit/537.36 (KHTML, like Gecko) Chrome/78.0.3904.108 Safari/537.36"
::1 - - [04/Dec/2019:21:15:09 +0000] "OPTIONS /auth/status HTTP/1.1" 200 14 "http://localhost:3000/" "Mozilla/5.0 (Windows NT 10.0; Win64; x64) AppleWebKit/537.36 (KHTML, like Gecko) Chrome/78.0.3904.108 Safari/537.36"
::1 - - [04/Dec/2019:21:15:09 +0000] "OPTIONS /feed/posts?page=1 HTTP/1.1" 200 8 "http://localhost:3000/" "Mozilla/5.0 (Windows NT 10.0; Win64; x64) AppleWebKit/537.36 (KHTML, like Gecko) Chrome/78.0.3904.108 Safari/537.36"
::1 - - [04/Dec/2019:21:15:09 +0000] "GET /auth/status HTTP/1.1" 304 - "http://localhost:3000/" "Mozilla/5.0 (Windows NT 10.0; Win64; x64) AppleWebKit/537.36 (KHTML, like Gecko) Chrome/78.0.3904.108 Safari/537.36"
::1 - - [04/Dec/2019:21:15:09 +0000] "GET /feed/posts?page=1 HTTP/1.1" 304 - "http://localhost:3000/" "Mozilla/5.0 (Windows NT 10.0; Win64; x64) AppleWebKit/537.36 (KHTML, like Gecko) Chrome/78.0.3904.108 Safari/537.36"
::1 - - [04/Dec/2019:21:15:42 +0000] "OPTIONS /auth/status HTTP/1.1" 200 14 "http://localhost:3000/" "Mozilla/5.0 (Windows NT 10.0; Win64; x64) AppleWebKit/537.36 (KHTML, like Gecko) Chrome/78.0.3904.108 Safari/537.36"
::1 - - [04/Dec/2019:21:15:42 +0000] "OPTIONS /feed/posts?page=1 HTTP/1.1" 200 8 "http://localhost:3000/" "Mozilla/5.0 (Windows NT 10.0; Win64; x64) AppleWebKit/537.36 (KHTML, like Gecko) Chrome/78.0.3904.108 Safari/537.36"
::1 - - [04/Dec/2019:21:15:42 +0000] "GET /auth/status HTTP/1.1" 304 - "http://localhost:3000/" "Mozilla/5.0 (Windows NT 10.0; Win64; x64) AppleWebKit/537.36 (KHTML, like Gecko) Chrome/78.0.3904.108 Safari/537.36"
::1 - - [04/Dec/2019:21:15:42 +0000] "GET /feed/posts?page=1 HTTP/1.1" 304 - "http://localhost:3000/" "Mozilla/5.0 (Windows NT 10.0; Win64; x64) AppleWebKit/537.36 (KHTML, like Gecko) Chrome/78.0.3904.108 Safari/537.36"
::1 - - [04/Dec/2019:21:16:45 +0000] "OPTIONS /auth/status HTTP/1.1" 200 14 "http://localhost:3000/" "Mozilla/5.0 (Windows NT 10.0; Win64; x64) AppleWebKit/537.36 (KHTML, like Gecko) Chrome/78.0.3904.108 Safari/537.36"
::1 - - [04/Dec/2019:21:16:45 +0000] "OPTIONS /feed/posts?page=1 HTTP/1.1" 200 8 "http://localhost:3000/" "Mozilla/5.0 (Windows NT 10.0; Win64; x64) AppleWebKit/537.36 (KHTML, like Gecko) Chrome/78.0.3904.108 Safari/537.36"
::1 - - [04/Dec/2019:21:16:45 +0000] "GET /auth/status HTTP/1.1" 304 - "http://localhost:3000/" "Mozilla/5.0 (Windows NT 10.0; Win64; x64) AppleWebKit/537.36 (KHTML, like Gecko) Chrome/78.0.3904.108 Safari/537.36"
::1 - - [04/Dec/2019:21:16:45 +0000] "GET /feed/posts?page=1 HTTP/1.1" 304 - "http://localhost:3000/" "Mozilla/5.0 (Windows NT 10.0; Win64; x64) AppleWebKit/537.36 (KHTML, like Gecko) Chrome/78.0.3904.108 Safari/537.36"
::1 - - [04/Dec/2019:21:17:09 +0000] "OPTIONS /auth/status HTTP/1.1" 200 14 "http://localhost:3000/" "Mozilla/5.0 (Windows NT 10.0; Win64; x64) AppleWebKit/537.36 (KHTML, like Gecko) Chrome/78.0.3904.108 Safari/537.36"
::1 - - [04/Dec/2019:21:17:09 +0000] "OPTIONS /feed/posts?page=1 HTTP/1.1" 200 8 "http://localhost:3000/" "Mozilla/5.0 (Windows NT 10.0; Win64; x64) AppleWebKit/537.36 (KHTML, like Gecko) Chrome/78.0.3904.108 Safari/537.36"
::1 - - [04/Dec/2019:21:17:09 +0000] "GET /auth/status HTTP/1.1" 304 - "http://localhost:3000/" "Mozilla/5.0 (Windows NT 10.0; Win64; x64) AppleWebKit/537.36 (KHTML, like Gecko) Chrome/78.0.3904.108 Safari/537.36"
::1 - - [04/Dec/2019:21:17:09 +0000] "GET /feed/posts?page=1 HTTP/1.1" 304 - "http://localhost:3000/" "Mozilla/5.0 (Windows NT 10.0; Win64; x64) AppleWebKit/537.36 (KHTML, like Gecko) Chrome/78.0.3904.108 Safari/537.36"
::1 - - [04/Dec/2019:21:17:57 +0000] "OPTIONS /auth/status HTTP/1.1" 200 14 "http://localhost:3000/" "Mozilla/5.0 (Windows NT 10.0; Win64; x64) AppleWebKit/537.36 (KHTML, like Gecko) Chrome/78.0.3904.108 Safari/537.36"
::1 - - [04/Dec/2019:21:17:57 +0000] "OPTIONS /feed/posts?page=1 HTTP/1.1" 200 8 "http://localhost:3000/" "Mozilla/5.0 (Windows NT 10.0; Win64; x64) AppleWebKit/537.36 (KHTML, like Gecko) Chrome/78.0.3904.108 Safari/537.36"
::1 - - [04/Dec/2019:21:17:57 +0000] "GET /auth/status HTTP/1.1" 304 - "http://localhost:3000/" "Mozilla/5.0 (Windows NT 10.0; Win64; x64) AppleWebKit/537.36 (KHTML, like Gecko) Chrome/78.0.3904.108 Safari/537.36"
::1 - - [04/Dec/2019:21:17:57 +0000] "GET /feed/posts?page=1 HTTP/1.1" 304 - "http://localhost:3000/" "Mozilla/5.0 (Windows NT 10.0; Win64; x64) AppleWebKit/537.36 (KHTML, like Gecko) Chrome/78.0.3904.108 Safari/537.36"
::1 - - [04/Dec/2019:21:18:14 +0000] "OPTIONS /auth/status HTTP/1.1" 200 14 "http://localhost:3000/" "Mozilla/5.0 (Windows NT 10.0; Win64; x64) AppleWebKit/537.36 (KHTML, like Gecko) Chrome/78.0.3904.108 Safari/537.36"
::1 - - [04/Dec/2019:21:18:14 +0000] "OPTIONS /feed/posts?page=1 HTTP/1.1" 200 8 "http://localhost:3000/" "Mozilla/5.0 (Windows NT 10.0; Win64; x64) AppleWebKit/537.36 (KHTML, like Gecko) Chrome/78.0.3904.108 Safari/537.36"
::1 - - [04/Dec/2019:21:18:14 +0000] "GET /auth/status HTTP/1.1" 304 - "http://localhost:3000/" "Mozilla/5.0 (Windows NT 10.0; Win64; x64) AppleWebKit/537.36 (KHTML, like Gecko) Chrome/78.0.3904.108 Safari/537.36"
::1 - - [04/Dec/2019:21:18:14 +0000] "GET /feed/posts?page=1 HTTP/1.1" 304 - "http://localhost:3000/" "Mozilla/5.0 (Windows NT 10.0; Win64; x64) AppleWebKit/537.36 (KHTML, like Gecko) Chrome/78.0.3904.108 Safari/537.36"
::1 - - [04/Dec/2019:21:18:58 +0000] "OPTIONS /auth/status HTTP/1.1" 200 14 "http://localhost:3000/" "Mozilla/5.0 (Windows NT 10.0; Win64; x64) AppleWebKit/537.36 (KHTML, like Gecko) Chrome/78.0.3904.108 Safari/537.36"
::1 - - [04/Dec/2019:21:18:58 +0000] "OPTIONS /feed/posts?page=1 HTTP/1.1" 200 8 "http://localhost:3000/" "Mozilla/5.0 (Windows NT 10.0; Win64; x64) AppleWebKit/537.36 (KHTML, like Gecko) Chrome/78.0.3904.108 Safari/537.36"
::1 - - [04/Dec/2019:21:18:58 +0000] "GET /auth/status HTTP/1.1" 304 - "http://localhost:3000/" "Mozilla/5.0 (Windows NT 10.0; Win64; x64) AppleWebKit/537.36 (KHTML, like Gecko) Chrome/78.0.3904.108 Safari/537.36"
::1 - - [04/Dec/2019:21:18:58 +0000] "GET /feed/posts?page=1 HTTP/1.1" 304 - "http://localhost:3000/" "Mozilla/5.0 (Windows NT 10.0; Win64; x64) AppleWebKit/537.36 (KHTML, like Gecko) Chrome/78.0.3904.108 Safari/537.36"
::1 - - [04/Dec/2019:21:19:16 +0000] "OPTIONS /auth/status HTTP/1.1" 200 14 "http://localhost:3000/" "Mozilla/5.0 (Windows NT 10.0; Win64; x64) AppleWebKit/537.36 (KHTML, like Gecko) Chrome/78.0.3904.108 Safari/537.36"
::1 - - [04/Dec/2019:21:19:16 +0000] "OPTIONS /feed/posts?page=1 HTTP/1.1" 200 8 "http://localhost:3000/" "Mozilla/5.0 (Windows NT 10.0; Win64; x64) AppleWebKit/537.36 (KHTML, like Gecko) Chrome/78.0.3904.108 Safari/537.36"
::1 - - [04/Dec/2019:21:19:16 +0000] "GET /auth/status HTTP/1.1" 304 - "http://localhost:3000/" "Mozilla/5.0 (Windows NT 10.0; Win64; x64) AppleWebKit/537.36 (KHTML, like Gecko) Chrome/78.0.3904.108 Safari/537.36"
::1 - - [04/Dec/2019:21:19:16 +0000] "GET /feed/posts?page=1 HTTP/1.1" 304 - "http://localhost:3000/" "Mozilla/5.0 (Windows NT 10.0; Win64; x64) AppleWebKit/537.36 (KHTML, like Gecko) Chrome/78.0.3904.108 Safari/537.36"
::1 - - [04/Dec/2019:21:20:19 +0000] "OPTIONS /auth/status HTTP/1.1" 200 14 "http://localhost:3000/" "Mozilla/5.0 (Windows NT 10.0; Win64; x64) AppleWebKit/537.36 (KHTML, like Gecko) Chrome/78.0.3904.108 Safari/537.36"
::1 - - [04/Dec/2019:21:20:19 +0000] "OPTIONS /feed/posts?page=1 HTTP/1.1" 200 8 "http://localhost:3000/" "Mozilla/5.0 (Windows NT 10.0; Win64; x64) AppleWebKit/537.36 (KHTML, like Gecko) Chrome/78.0.3904.108 Safari/537.36"
::1 - - [04/Dec/2019:21:20:19 +0000] "GET /auth/status HTTP/1.1" 500 25 "http://localhost:3000/" "Mozilla/5.0 (Windows NT 10.0; Win64; x64) AppleWebKit/537.36 (KHTML, like Gecko) Chrome/78.0.3904.108 Safari/537.36"
::1 - - [04/Dec/2019:21:20:19 +0000] "GET /feed/posts?page=1 HTTP/1.1" 500 25 "http://localhost:3000/" "Mozilla/5.0 (Windows NT 10.0; Win64; x64) AppleWebKit/537.36 (KHTML, like Gecko) Chrome/78.0.3904.108 Safari/537.36"
::1 - - [04/Dec/2019:21:20:25 +0000] "OPTIONS /auth/status HTTP/1.1" 200 14 "http://localhost:3000/" "Mozilla/5.0 (Windows NT 10.0; Win64; x64) AppleWebKit/537.36 (KHTML, like Gecko) Chrome/78.0.3904.108 Safari/537.36"
::1 - - [04/Dec/2019:21:20:25 +0000] "OPTIONS /feed/posts?page=1 HTTP/1.1" 200 8 "http://localhost:3000/" "Mozilla/5.0 (Windows NT 10.0; Win64; x64) AppleWebKit/537.36 (KHTML, like Gecko) Chrome/78.0.3904.108 Safari/537.36"
::1 - - [04/Dec/2019:21:20:25 +0000] "GET /auth/status HTTP/1.1" 500 25 "http://localhost:3000/" "Mozilla/5.0 (Windows NT 10.0; Win64; x64) AppleWebKit/537.36 (KHTML, like Gecko) Chrome/78.0.3904.108 Safari/537.36"
::1 - - [04/Dec/2019:21:20:25 +0000] "GET /feed/posts?page=1 HTTP/1.1" 500 25 "http://localhost:3000/" "Mozilla/5.0 (Windows NT 10.0; Win64; x64) AppleWebKit/537.36 (KHTML, like Gecko) Chrome/78.0.3904.108 Safari/537.36"
::1 - - [04/Dec/2019:21:20:42 +0000] "OPTIONS /auth/status HTTP/1.1" 200 14 "http://localhost:3000/" "Mozilla/5.0 (Windows NT 10.0; Win64; x64) AppleWebKit/537.36 (KHTML, like Gecko) Chrome/78.0.3904.108 Safari/537.36"
::1 - - [04/Dec/2019:21:20:42 +0000] "OPTIONS /feed/posts?page=1 HTTP/1.1" 200 8 "http://localhost:3000/" "Mozilla/5.0 (Windows NT 10.0; Win64; x64) AppleWebKit/537.36 (KHTML, like Gecko) Chrome/78.0.3904.108 Safari/537.36"
::1 - - [04/Dec/2019:21:20:42 +0000] "GET /auth/status HTTP/1.1" 500 25 "http://localhost:3000/" "Mozilla/5.0 (Windows NT 10.0; Win64; x64) AppleWebKit/537.36 (KHTML, like Gecko) Chrome/78.0.3904.108 Safari/537.36"
::1 - - [04/Dec/2019:21:20:42 +0000] "GET /feed/posts?page=1 HTTP/1.1" 500 25 "http://localhost:3000/" "Mozilla/5.0 (Windows NT 10.0; Win64; x64) AppleWebKit/537.36 (KHTML, like Gecko) Chrome/78.0.3904.108 Safari/537.36"
::1 - - [04/Dec/2019:21:21:00 +0000] "OPTIONS /auth/login HTTP/1.1" 200 4 "http://localhost:3000/" "Mozilla/5.0 (Windows NT 10.0; Win64; x64) AppleWebKit/537.36 (KHTML, like Gecko) Chrome/78.0.3904.108 Safari/537.36"
::1 - - [04/Dec/2019:21:21:01 +0000] "POST /auth/login HTTP/1.1" 200 256 "http://localhost:3000/" "Mozilla/5.0 (Windows NT 10.0; Win64; x64) AppleWebKit/537.36 (KHTML, like Gecko) Chrome/78.0.3904.108 Safari/537.36"
::1 - - [04/Dec/2019:21:21:01 +0000] "OPTIONS /auth/status HTTP/1.1" 200 14 "http://localhost:3000/" "Mozilla/5.0 (Windows NT 10.0; Win64; x64) AppleWebKit/537.36 (KHTML, like Gecko) Chrome/78.0.3904.108 Safari/537.36"
::1 - - [04/Dec/2019:21:21:01 +0000] "OPTIONS /feed/posts?page=1 HTTP/1.1" 200 8 "http://localhost:3000/" "Mozilla/5.0 (Windows NT 10.0; Win64; x64) AppleWebKit/537.36 (KHTML, like Gecko) Chrome/78.0.3904.108 Safari/537.36"
::1 - - [04/Dec/2019:21:21:01 +0000] "GET /auth/status HTTP/1.1" 200 16 "http://localhost:3000/" "Mozilla/5.0 (Windows NT 10.0; Win64; x64) AppleWebKit/537.36 (KHTML, like Gecko) Chrome/78.0.3904.108 Safari/537.36"
::1 - - [04/Dec/2019:21:21:01 +0000] "GET /feed/posts?page=1 HTTP/1.1" 200 490 "http://localhost:3000/" "Mozilla/5.0 (Windows NT 10.0; Win64; x64) AppleWebKit/537.36 (KHTML, like Gecko) Chrome/78.0.3904.108 Safari/537.36"
::1 - - [04/Dec/2019:21:21:03 +0000] "OPTIONS /feed/post/5de81529081bf6355471bfe1 HTTP/1.1" 200 19 "http://localhost:3000/5de81529081bf6355471bfe1" "Mozilla/5.0 (Windows NT 10.0; Win64; x64) AppleWebKit/537.36 (KHTML, like Gecko) Chrome/78.0.3904.108 Safari/537.36"
::1 - - [04/Dec/2019:21:21:03 +0000] "GET /feed/post/5de81529081bf6355471bfe1 HTTP/1.1" 304 - "http://localhost:3000/5de81529081bf6355471bfe1" "Mozilla/5.0 (Windows NT 10.0; Win64; x64) AppleWebKit/537.36 (KHTML, like Gecko) Chrome/78.0.3904.108 Safari/537.36"
::1 - - [04/Dec/2019:21:21:03 +0000] "GET /images/f1155e5a-854c-4ab1-b162-f5661e19dc31 HTTP/1.1" 304 - "http://localhost:3000/5de81529081bf6355471bfe1" "Mozilla/5.0 (Windows NT 10.0; Win64; x64) AppleWebKit/537.36 (KHTML, like Gecko) Chrome/78.0.3904.108 Safari/537.36"
::1 - - [04/Dec/2019:21:21:04 +0000] "GET /auth/status HTTP/1.1" 304 - "http://localhost:3000/" "Mozilla/5.0 (Windows NT 10.0; Win64; x64) AppleWebKit/537.36 (KHTML, like Gecko) Chrome/78.0.3904.108 Safari/537.36"
::1 - - [04/Dec/2019:21:21:04 +0000] "GET /feed/posts?page=1 HTTP/1.1" 304 - "http://localhost:3000/" "Mozilla/5.0 (Windows NT 10.0; Win64; x64) AppleWebKit/537.36 (KHTML, like Gecko) Chrome/78.0.3904.108 Safari/537.36"
::1 - - [04/Dec/2019:21:21:06 +0000] "GET /auth/status HTTP/1.1" 304 - "http://localhost:3000/" "Mozilla/5.0 (Windows NT 10.0; Win64; x64) AppleWebKit/537.36 (KHTML, like Gecko) Chrome/78.0.3904.108 Safari/537.36"
::1 - - [04/Dec/2019:21:21:06 +0000] "GET /feed/posts?page=1 HTTP/1.1" 304 - "http://localhost:3000/" "Mozilla/5.0 (Windows NT 10.0; Win64; x64) AppleWebKit/537.36 (KHTML, like Gecko) Chrome/78.0.3904.108 Safari/537.36"
::1 - - [04/Dec/2019:21:21:09 +0000] "OPTIONS /auth/status HTTP/1.1" 200 14 "http://localhost:3000/" "Mozilla/5.0 (Windows NT 10.0; Win64; x64) AppleWebKit/537.36 (KHTML, like Gecko) Chrome/78.0.3904.108 Safari/537.36"
::1 - - [04/Dec/2019:21:21:09 +0000] "PATCH /auth/status HTTP/1.1" 200 27 "http://localhost:3000/" "Mozilla/5.0 (Windows NT 10.0; Win64; x64) AppleWebKit/537.36 (KHTML, like Gecko) Chrome/78.0.3904.108 Safari/537.36"
::1 - - [04/Dec/2019:21:21:11 +0000] "OPTIONS /feed/posts?page=1 HTTP/1.1" 200 8 "http://localhost:3000/" "Mozilla/5.0 (Windows NT 10.0; Win64; x64) AppleWebKit/537.36 (KHTML, like Gecko) Chrome/78.0.3904.108 Safari/537.36"
::1 - - [04/Dec/2019:21:21:11 +0000] "GET /auth/status HTTP/1.1" 200 17 "http://localhost:3000/" "Mozilla/5.0 (Windows NT 10.0; Win64; x64) AppleWebKit/537.36 (KHTML, like Gecko) Chrome/78.0.3904.108 Safari/537.36"
::1 - - [04/Dec/2019:21:21:11 +0000] "GET /feed/posts?page=1 HTTP/1.1" 304 - "http://localhost:3000/" "Mozilla/5.0 (Windows NT 10.0; Win64; x64) AppleWebKit/537.36 (KHTML, like Gecko) Chrome/78.0.3904.108 Safari/537.36"
::1 - - [04/Dec/2019:21:21:14 +0000] "OPTIONS /feed/post/5de81529081bf6355471bfe1 HTTP/1.1" 200 19 "http://localhost:3000/" "Mozilla/5.0 (Windows NT 10.0; Win64; x64) AppleWebKit/537.36 (KHTML, like Gecko) Chrome/78.0.3904.108 Safari/537.36"
::1 - - [04/Dec/2019:21:21:14 +0000] "PUT /feed/post/5de81529081bf6355471bfe1 HTTP/1.1" 403 28 "http://localhost:3000/" "Mozilla/5.0 (Windows NT 10.0; Win64; x64) AppleWebKit/537.36 (KHTML, like Gecko) Chrome/78.0.3904.108 Safari/537.36"
::1 - - [04/Dec/2019:21:21:43 +0000] "OPTIONS /feed/post/5de81529081bf6355471bfe1 HTTP/1.1" 200 19 "http://localhost:3000/" "Mozilla/5.0 (Windows NT 10.0; Win64; x64) AppleWebKit/537.36 (KHTML, like Gecko) Chrome/78.0.3904.108 Safari/537.36"
::1 - - [04/Dec/2019:21:21:43 +0000] "DELETE /feed/post/5de81529081bf6355471bfe1 HTTP/1.1" 403 28 "http://localhost:3000/" "Mozilla/5.0 (Windows NT 10.0; Win64; x64) AppleWebKit/537.36 (KHTML, like Gecko) Chrome/78.0.3904.108 Safari/537.36"
::1 - - [04/Dec/2019:21:23:07 +0000] "OPTIONS /auth/status HTTP/1.1" 200 14 "http://localhost:3000/" "Mozilla/5.0 (Windows NT 10.0; Win64; x64) AppleWebKit/537.36 (KHTML, like Gecko) Chrome/78.0.3904.108 Safari/537.36"
::1 - - [04/Dec/2019:21:23:07 +0000] "OPTIONS /feed/posts?page=1 HTTP/1.1" 200 8 "http://localhost:3000/" "Mozilla/5.0 (Windows NT 10.0; Win64; x64) AppleWebKit/537.36 (KHTML, like Gecko) Chrome/78.0.3904.108 Safari/537.36"
::1 - - [04/Dec/2019:21:23:07 +0000] "GET /auth/status HTTP/1.1" 304 - "http://localhost:3000/" "Mozilla/5.0 (Windows NT 10.0; Win64; x64) AppleWebKit/537.36 (KHTML, like Gecko) Chrome/78.0.3904.108 Safari/537.36"
::1 - - [04/Dec/2019:21:23:07 +0000] "GET /feed/posts?page=1 HTTP/1.1" 304 - "http://localhost:3000/" "Mozilla/5.0 (Windows NT 10.0; Win64; x64) AppleWebKit/537.36 (KHTML, like Gecko) Chrome/78.0.3904.108 Safari/537.36"
::1 - - [04/Dec/2019:21:23:31 +0000] "OPTIONS /auth/status HTTP/1.1" 200 14 "http://localhost:3000/" "Mozilla/5.0 (Windows NT 10.0; Win64; x64) AppleWebKit/537.36 (KHTML, like Gecko) Chrome/78.0.3904.108 Safari/537.36"
::1 - - [04/Dec/2019:21:23:31 +0000] "OPTIONS /feed/posts?page=1 HTTP/1.1" 200 8 "http://localhost:3000/" "Mozilla/5.0 (Windows NT 10.0; Win64; x64) AppleWebKit/537.36 (KHTML, like Gecko) Chrome/78.0.3904.108 Safari/537.36"
::1 - - [04/Dec/2019:21:23:31 +0000] "GET /auth/status HTTP/1.1" 304 - "http://localhost:3000/" "Mozilla/5.0 (Windows NT 10.0; Win64; x64) AppleWebKit/537.36 (KHTML, like Gecko) Chrome/78.0.3904.108 Safari/537.36"
::1 - - [04/Dec/2019:21:23:31 +0000] "GET /feed/posts?page=1 HTTP/1.1" 304 - "http://localhost:3000/" "Mozilla/5.0 (Windows NT 10.0; Win64; x64) AppleWebKit/537.36 (KHTML, like Gecko) Chrome/78.0.3904.108 Safari/537.36"
::1 - - [04/Dec/2019:21:24:09 +0000] "OPTIONS /auth/status HTTP/1.1" 200 14 "http://localhost:3000/" "Mozilla/5.0 (Windows NT 10.0; Win64; x64) AppleWebKit/537.36 (KHTML, like Gecko) Chrome/78.0.3904.108 Safari/537.36"
::1 - - [04/Dec/2019:21:24:09 +0000] "OPTIONS /feed/posts?page=1 HTTP/1.1" 200 8 "http://localhost:3000/" "Mozilla/5.0 (Windows NT 10.0; Win64; x64) AppleWebKit/537.36 (KHTML, like Gecko) Chrome/78.0.3904.108 Safari/537.36"
::1 - - [04/Dec/2019:21:24:09 +0000] "GET /auth/status HTTP/1.1" 304 - "http://localhost:3000/" "Mozilla/5.0 (Windows NT 10.0; Win64; x64) AppleWebKit/537.36 (KHTML, like Gecko) Chrome/78.0.3904.108 Safari/537.36"
::1 - - [04/Dec/2019:21:24:09 +0000] "GET /feed/posts?page=1 HTTP/1.1" 304 - "http://localhost:3000/" "Mozilla/5.0 (Windows NT 10.0; Win64; x64) AppleWebKit/537.36 (KHTML, like Gecko) Chrome/78.0.3904.108 Safari/537.36"
::1 - - [04/Dec/2019:21:25:09 +0000] "OPTIONS /auth/status HTTP/1.1" 200 14 "http://localhost:3000/" "Mozilla/5.0 (Windows NT 10.0; Win64; x64) AppleWebKit/537.36 (KHTML, like Gecko) Chrome/78.0.3904.108 Safari/537.36"
::1 - - [04/Dec/2019:21:25:09 +0000] "OPTIONS /feed/posts?page=1 HTTP/1.1" 200 8 "http://localhost:3000/" "Mozilla/5.0 (Windows NT 10.0; Win64; x64) AppleWebKit/537.36 (KHTML, like Gecko) Chrome/78.0.3904.108 Safari/537.36"
::1 - - [04/Dec/2019:21:25:09 +0000] "GET /auth/status HTTP/1.1" 304 - "http://localhost:3000/" "Mozilla/5.0 (Windows NT 10.0; Win64; x64) AppleWebKit/537.36 (KHTML, like Gecko) Chrome/78.0.3904.108 Safari/537.36"
::1 - - [04/Dec/2019:21:25:09 +0000] "GET /feed/posts?page=1 HTTP/1.1" 304 - "http://localhost:3000/" "Mozilla/5.0 (Windows NT 10.0; Win64; x64) AppleWebKit/537.36 (KHTML, like Gecko) Chrome/78.0.3904.108 Safari/537.36"
::1 - - [07/Dec/2019:22:15:28 +0000] "OPTIONS /auth/signup HTTP/1.1" 200 3 "http://localhost:3000/signup" "Mozilla/5.0 (Windows NT 10.0; Win64; x64) AppleWebKit/537.36 (KHTML, like Gecko) Chrome/78.0.3904.108 Safari/537.36"
::1 - - [07/Dec/2019:22:15:29 +0000] "PUT /auth/signup HTTP/1.1" 200 62 "http://localhost:3000/signup" "Mozilla/5.0 (Windows NT 10.0; Win64; x64) AppleWebKit/537.36 (KHTML, like Gecko) Chrome/78.0.3904.108 Safari/537.36"
::1 - - [07/Dec/2019:22:15:38 +0000] "OPTIONS /auth/login HTTP/1.1" 200 4 "http://localhost:3000/" "Mozilla/5.0 (Windows NT 10.0; Win64; x64) AppleWebKit/537.36 (KHTML, like Gecko) Chrome/78.0.3904.108 Safari/537.36"
::1 - - [07/Dec/2019:22:15:38 +0000] "POST /auth/login HTTP/1.1" 200 257 "http://localhost:3000/" "Mozilla/5.0 (Windows NT 10.0; Win64; x64) AppleWebKit/537.36 (KHTML, like Gecko) Chrome/78.0.3904.108 Safari/537.36"
::1 - - [07/Dec/2019:22:15:38 +0000] "OPTIONS /auth/status HTTP/1.1" 200 14 "http://localhost:3000/" "Mozilla/5.0 (Windows NT 10.0; Win64; x64) AppleWebKit/537.36 (KHTML, like Gecko) Chrome/78.0.3904.108 Safari/537.36"
::1 - - [07/Dec/2019:22:15:38 +0000] "OPTIONS /feed/posts?page=1 HTTP/1.1" 200 8 "http://localhost:3000/" "Mozilla/5.0 (Windows NT 10.0; Win64; x64) AppleWebKit/537.36 (KHTML, like Gecko) Chrome/78.0.3904.108 Safari/537.36"
::1 - - [07/Dec/2019:22:15:38 +0000] "GET /auth/status HTTP/1.1" 200 16 "http://localhost:3000/" "Mozilla/5.0 (Windows NT 10.0; Win64; x64) AppleWebKit/537.36 (KHTML, like Gecko) Chrome/78.0.3904.108 Safari/537.36"
::1 - - [07/Dec/2019:22:15:38 +0000] "GET /feed/posts?page=1 HTTP/1.1" 304 - "http://localhost:3000/" "Mozilla/5.0 (Windows NT 10.0; Win64; x64) AppleWebKit/537.36 (KHTML, like Gecko) Chrome/78.0.3904.108 Safari/537.36"
::1 - - [07/Dec/2019:22:15:50 +0000] "OPTIONS /feed/post HTTP/1.1" 200 4 "http://localhost:3000/" "Mozilla/5.0 (Windows NT 10.0; Win64; x64) AppleWebKit/537.36 (KHTML, like Gecko) Chrome/78.0.3904.108 Safari/537.36"
::1 - - [07/Dec/2019:22:15:50 +0000] "POST /feed/post HTTP/1.1" 201 341 "http://localhost:3000/" "Mozilla/5.0 (Windows NT 10.0; Win64; x64) AppleWebKit/537.36 (KHTML, like Gecko) Chrome/78.0.3904.108 Safari/537.36"
::1 - - [07/Dec/2019:22:15:50 +0000] "OPTIONS /feed/posts?page=1 HTTP/1.1" 200 8 "http://localhost:3000/" "Mozilla/5.0 (Windows NT 10.0; Win64; x64) AppleWebKit/537.36 (KHTML, like Gecko) Chrome/78.0.3904.108 Safari/537.36"
::1 - - [07/Dec/2019:22:15:50 +0000] "GET /feed/posts?page=1 HTTP/1.1" 200 925 "http://localhost:3000/" "Mozilla/5.0 (Windows NT 10.0; Win64; x64) AppleWebKit/537.36 (KHTML, like Gecko) Chrome/78.0.3904.108 Safari/537.36"
::1 - - [07/Dec/2019:22:15:54 +0000] "OPTIONS /feed/post/5dec24961e5e170ae4898b76 HTTP/1.1" 200 19 "http://localhost:3000/" "Mozilla/5.0 (Windows NT 10.0; Win64; x64) AppleWebKit/537.36 (KHTML, like Gecko) Chrome/78.0.3904.108 Safari/537.36"
::1 - - [07/Dec/2019:22:15:54 +0000] "PUT /feed/post/5dec24961e5e170ae4898b76 HTTP/1.1" 200 470 "http://localhost:3000/" "Mozilla/5.0 (Windows NT 10.0; Win64; x64) AppleWebKit/537.36 (KHTML, like Gecko) Chrome/78.0.3904.108 Safari/537.36"
::1 - - [07/Dec/2019:22:15:54 +0000] "GET /feed/posts?page=1 HTTP/1.1" 200 927 "http://localhost:3000/" "Mozilla/5.0 (Windows NT 10.0; Win64; x64) AppleWebKit/537.36 (KHTML, like Gecko) Chrome/78.0.3904.108 Safari/537.36"
::1 - - [07/Dec/2019:22:15:56 +0000] "GET /feed/post/5dec24961e5e170ae4898b76 HTTP/1.1" 200 470 "http://localhost:3000/5dec24961e5e170ae4898b76" "Mozilla/5.0 (Windows NT 10.0; Win64; x64) AppleWebKit/537.36 (KHTML, like Gecko) Chrome/78.0.3904.108 Safari/537.36"
::1 - - [07/Dec/2019:22:15:56 +0000] "GET /images/406aa164-a8ef-4062-90f5-d7366f61f992 HTTP/1.1" 200 64707 "http://localhost:3000/5dec24961e5e170ae4898b76" "Mozilla/5.0 (Windows NT 10.0; Win64; x64) AppleWebKit/537.36 (KHTML, like Gecko) Chrome/78.0.3904.108 Safari/537.36"
::1 - - [07/Dec/2019:22:15:57 +0000] "OPTIONS /auth/status HTTP/1.1" 200 14 "http://localhost:3000/" "Mozilla/5.0 (Windows NT 10.0; Win64; x64) AppleWebKit/537.36 (KHTML, like Gecko) Chrome/78.0.3904.108 Safari/537.36"
::1 - - [07/Dec/2019:22:15:57 +0000] "OPTIONS /feed/posts?page=1 HTTP/1.1" 200 8 "http://localhost:3000/" "Mozilla/5.0 (Windows NT 10.0; Win64; x64) AppleWebKit/537.36 (KHTML, like Gecko) Chrome/78.0.3904.108 Safari/537.36"
::1 - - [07/Dec/2019:22:15:57 +0000] "GET /auth/status HTTP/1.1" 304 - "http://localhost:3000/" "Mozilla/5.0 (Windows NT 10.0; Win64; x64) AppleWebKit/537.36 (KHTML, like Gecko) Chrome/78.0.3904.108 Safari/537.36"
::1 - - [07/Dec/2019:22:15:57 +0000] "GET /feed/posts?page=1 HTTP/1.1" 304 - "http://localhost:3000/" "Mozilla/5.0 (Windows NT 10.0; Win64; x64) AppleWebKit/537.36 (KHTML, like Gecko) Chrome/78.0.3904.108 Safari/537.36"
::1 - - [07/Dec/2019:22:15:59 +0000] "PATCH /auth/status HTTP/1.1" 200 27 "http://localhost:3000/" "Mozilla/5.0 (Windows NT 10.0; Win64; x64) AppleWebKit/537.36 (KHTML, like Gecko) Chrome/78.0.3904.108 Safari/537.36"
::1 - - [07/Dec/2019:22:16:01 +0000] "GET /auth/status HTTP/1.1" 200 17 "http://localhost:3000/" "Mozilla/5.0 (Windows NT 10.0; Win64; x64) AppleWebKit/537.36 (KHTML, like Gecko) Chrome/78.0.3904.108 Safari/537.36"
::1 - - [07/Dec/2019:22:16:01 +0000] "GET /feed/posts?page=1 HTTP/1.1" 200 928 "http://localhost:3000/" "Mozilla/5.0 (Windows NT 10.0; Win64; x64) AppleWebKit/537.36 (KHTML, like Gecko) Chrome/78.0.3904.108 Safari/537.36"
::1 - - [07/Dec/2019:22:16:04 +0000] "OPTIONS /feed/post/5dec24961e5e170ae4898b76 HTTP/1.1" 200 19 "http://localhost:3000/" "Mozilla/5.0 (Windows NT 10.0; Win64; x64) AppleWebKit/537.36 (KHTML, like Gecko) Chrome/78.0.3904.108 Safari/537.36"
::1 - - [07/Dec/2019:22:16:04 +0000] "DELETE /feed/post/5dec24961e5e170ae4898b76 HTTP/1.1" 200 26 "http://localhost:3000/" "Mozilla/5.0 (Windows NT 10.0; Win64; x64) AppleWebKit/537.36 (KHTML, like Gecko) Chrome/78.0.3904.108 Safari/537.36"
::1 - - [07/Dec/2019:22:16:04 +0000] "OPTIONS /feed/posts?page=1 HTTP/1.1" 200 8 "http://localhost:3000/" "Mozilla/5.0 (Windows NT 10.0; Win64; x64) AppleWebKit/537.36 (KHTML, like Gecko) Chrome/78.0.3904.108 Safari/537.36"
::1 - - [07/Dec/2019:22:16:04 +0000] "GET /feed/posts?page=1 HTTP/1.1" 200 490 "http://localhost:3000/" "Mozilla/5.0 (Windows NT 10.0; Win64; x64) AppleWebKit/537.36 (KHTML, like Gecko) Chrome/78.0.3904.108 Safari/537.36"
